{"C:\\Users\\ADMIN\\Downloads\\storybook\\new latest\\EGOV\\src\\components\\HelloWorld.vue": {"path":"C:\\Users\\ADMIN\\Downloads\\storybook\\new latest\\EGOV\\src\\components\\HelloWorld.vue","statementMap":{"0":{"start":{"line":10,"column":4},"end":{"line":10,"column":15}},"1":{"start":{"line":11,"column":18},"end":{"line":11,"column":24}},"2":{"start":{"line":12,"column":25},"end":{"line":15,"column":5}},"3":{"start":{"line":16,"column":4},"end":{"line":19,"column":7}},"4":{"start":{"line":20,"column":4},"end":{"line":20,"column":24}},"5":{"start":{"line":25,"column":0},"end":{"line":27,"column":3}},"6":{"start":{"line":28,"column":0},"end":{"line":28,"column":24}},"7":{"start":{"line":29,"column":11},"end":{"line":29,"column":25}},"8":{"start":{"line":30,"column":17},"end":{"line":32,"column":1}},"9":{"start":{"line":34,"column":2},"end":{"line":47,"column":101}},"10":{"start":{"line":37,"column":6},"end":{"line":37,"column":28}},"11":{"start":{"line":48,"column":2},"end":{"line":48,"column":49}}},"fnMap":{"0":{"name":"(anonymous_0)","decl":{"start":{"line":7,"column":2},"end":{"line":7,"column":3}},"loc":{"start":{"line":9,"column":5},"end":{"line":21,"column":3}},"line":9},"1":{"name":"render","decl":{"start":{"line":33,"column":9},"end":{"line":33,"column":15}},"loc":{"start":{"line":33,"column":63},"end":{"line":48,"column":1}},"line":33},"2":{"name":"(anonymous_2)","decl":{"start":{"line":36,"column":39},"end":{"line":36,"column":40}},"loc":{"start":{"line":36,"column":57},"end":{"line":38,"column":5}},"line":36}},"branchMap":{"0":{"loc":{"start":{"line":36,"column":13},"end":{"line":38,"column":6}},"type":"binary-expr","locations":[{"start":{"line":36,"column":13},"end":{"line":36,"column":22}},{"start":{"line":36,"column":27},"end":{"line":38,"column":5}}],"line":36},"1":{"loc":{"start":{"line":39,"column":75},"end":{"line":39,"column":315}},"type":"binary-expr","locations":[{"start":{"line":39,"column":75},"end":{"line":39,"column":84}},{"start":{"line":39,"column":89},"end":{"line":39,"column":314}}],"line":39},"2":{"loc":{"start":{"line":39,"column":319},"end":{"line":42,"column":104}},"type":"binary-expr","locations":[{"start":{"line":39,"column":319},"end":{"line":39,"column":328}},{"start":{"line":39,"column":333},"end":{"line":42,"column":103}}],"line":39},"3":{"loc":{"start":{"line":42,"column":106},"end":{"line":45,"column":87}},"type":"binary-expr","locations":[{"start":{"line":42,"column":106},"end":{"line":42,"column":115}},{"start":{"line":42,"column":120},"end":{"line":45,"column":86}}],"line":42},"4":{"loc":{"start":{"line":45,"column":89},"end":{"line":47,"column":72}},"type":"binary-expr","locations":[{"start":{"line":45,"column":89},"end":{"line":45,"column":98}},{"start":{"line":45,"column":103},"end":{"line":47,"column":71}}],"line":45}},"s":{"0":0,"1":0,"2":0,"3":0,"4":0,"5":0,"6":0,"7":0,"8":0,"9":0,"10":0,"11":0},"f":{"0":0,"1":0,"2":0},"b":{"0":[0,0],"1":[0,0],"2":[0,0],"3":[0,0],"4":[0,0]},"inputSourceMap":{"0":"{","1":"\"","2":"v","3":"e","4":"r","5":"s","6":"i","7":"o","8":"n","9":"\"","10":":","11":"3","12":",","13":"\"","14":"s","15":"o","16":"u","17":"r","18":"c","19":"e","20":"s","21":"\"","22":":","23":"[","24":"\"","25":"C","26":":","27":"/","28":"U","29":"s","30":"e","31":"r","32":"s","33":"/","34":"A","35":"D","36":"M","37":"I","38":"N","39":"/","40":"D","41":"o","42":"w","43":"n","44":"l","45":"o","46":"a","47":"d","48":"s","49":"/","50":"s","51":"t","52":"o","53":"r","54":"y","55":"b","56":"o","57":"o","58":"k","59":"/","60":"n","61":"e","62":"w","63":" ","64":"l","65":"a","66":"t","67":"e","68":"s","69":"t","70":"/","71":"E","72":"G","73":"O","74":"V","75":"/","76":"s","77":"r","78":"c","79":"/","80":"c","81":"o","82":"m","83":"p","84":"o","85":"n","86":"e","87":"n","88":"t","89":"s","90":"/","91":"H","92":"e","93":"l","94":"l","95":"o","96":"W","97":"o","98":"r","99":"l","100":"d","101":".","102":"v","103":"u","104":"e","105":"\"","106":"]","107":",","108":"\"","109":"n","110":"a","111":"m","112":"e","113":"s","114":"\"","115":":","116":"[","117":"]","118":",","119":"\"","120":"m","121":"a","122":"p","123":"p","124":"i","125":"n","126":"g","127":"s","128":"\"","129":":","130":"\"","131":"A","132":"A","133":"C","134":"A","135":",","136":"S","137":"A","138":"A","139":"S","140":",","141":"G","142":"A","143":"A","144":"G","145":",","146":"Q","147":"A","148":"A","149":"Q","150":",","151":"K","152":"A","153":"A","154":"K","155":";","156":";","157":";","158":";","159":";","160":";","161":";","162":";","163":";","164":";","165":"I","166":"A","167":"M","168":"z","169":"B","170":",","171":"M","172":"A","173":"A","174":"M","175":",","176":"K","177":"A","178":"A","179":"K","180":",","181":"G","182":"A","183":"A","184":"G","185":",","186":"G","187":"A","188":"A","189":"G","190":",","191":"C","192":"A","193":"A","194":"C","195":",","196":"C","197":"A","198":"A","199":"C","200":",","201":"C","202":"A","203":"A","204":"C","205":"\"","206":",","207":"\"","208":"f","209":"i","210":"l","211":"e","212":"\"","213":":","214":"\"","215":"C","216":":","217":"\\","218":"\\","219":"U","220":"s","221":"e","222":"r","223":"s","224":"\\","225":"\\","226":"A","227":"D","228":"M","229":"I","230":"N","231":"\\","232":"\\","233":"D","234":"o","235":"w","236":"n","237":"l","238":"o","239":"a","240":"d","241":"s","242":"\\","243":"\\","244":"s","245":"t","246":"o","247":"r","248":"y","249":"b","250":"o","251":"o","252":"k","253":"\\","254":"\\","255":"n","256":"e","257":"w","258":" ","259":"l","260":"a","261":"t","262":"e","263":"s","264":"t","265":"\\","266":"\\","267":"E","268":"G","269":"O","270":"V","271":"\\","272":"\\","273":"s","274":"r","275":"c","276":"\\","277":"\\","278":"c","279":"o","280":"m","281":"p","282":"o","283":"n","284":"e","285":"n","286":"t","287":"s","288":"\\","289":"\\","290":"H","291":"e","292":"l","293":"l","294":"o","295":"W","296":"o","297":"r","298":"l","299":"d","300":".","301":"v","302":"u","303":"e","304":"\"","305":",","306":"\"","307":"s","308":"o","309":"u","310":"r","311":"c","312":"e","313":"s","314":"C","315":"o","316":"n","317":"t","318":"e","319":"n","320":"t","321":"\"","322":":","323":"[","324":"\"","325":"<","326":"s","327":"c","328":"r","329":"i","330":"p","331":"t","332":" ","333":"s","334":"e","335":"t","336":"u","337":"p","338":">","339":"\\","340":"n","341":"i","342":"m","343":"p","344":"o","345":"r","346":"t","347":" ","348":"{","349":" ","350":"r","351":"e","352":"f","353":" ","354":"}","355":" ","356":"f","357":"r","358":"o","359":"m","360":" ","361":"'","362":"v","363":"u","364":"e","365":"'","366":"\\","367":"n","368":"\\","369":"n","370":"d","371":"e","372":"f","373":"i","374":"n","375":"e","376":"P","377":"r","378":"o","379":"p","380":"s","381":"(","382":"{","383":"\\","384":"n","385":" ","386":" ","387":"m","388":"s","389":"g","390":":","391":" ","392":"S","393":"t","394":"r","395":"i","396":"n","397":"g","398":",","399":"\\","400":"n","401":"}","402":")","403":"\\","404":"n","405":"\\","406":"n","407":"c","408":"o","409":"n","410":"s","411":"t","412":" ","413":"c","414":"o","415":"u","416":"n","417":"t","418":" ","419":"=","420":" ","421":"r","422":"e","423":"f","424":"(","425":"0","426":")","427":"\\","428":"n","429":"<","430":"/","431":"s","432":"c","433":"r","434":"i","435":"p","436":"t","437":">","438":"\\","439":"n","440":"\\","441":"n","442":"<","443":"t","444":"e","445":"m","446":"p","447":"l","448":"a","449":"t","450":"e","451":">","452":"\\","453":"n","454":" ","455":" ","456":"<","457":"h","458":"1","459":">","460":"{","461":"{","462":" ","463":"m","464":"s","465":"g","466":" ","467":"}","468":"}","469":"<","470":"/","471":"h","472":"1","473":">","474":"\\","475":"n","476":"\\","477":"n","478":" ","479":" ","480":"<","481":"d","482":"i","483":"v","484":" ","485":"c","486":"l","487":"a","488":"s","489":"s","490":"=","491":"\\","492":"\"","493":"c","494":"a","495":"r","496":"d","497":"\\","498":"\"","499":">","500":"\\","501":"n","502":" ","503":" ","504":" ","505":" ","506":"<","507":"b","508":"u","509":"t","510":"t","511":"o","512":"n","513":" ","514":"t","515":"y","516":"p","517":"e","518":"=","519":"\\","520":"\"","521":"b","522":"u","523":"t","524":"t","525":"o","526":"n","527":"\\","528":"\"","529":" ","530":"@","531":"c","532":"l","533":"i","534":"c","535":"k","536":"=","537":"\\","538":"\"","539":"c","540":"o","541":"u","542":"n","543":"t","544":"+","545":"+","546":"\\","547":"\"","548":">","549":"c","550":"o","551":"u","552":"n","553":"t","554":" ","555":"i","556":"s","557":" ","558":"{","559":"{","560":" ","561":"c","562":"o","563":"u","564":"n","565":"t","566":" ","567":"}","568":"}","569":"<","570":"/","571":"b","572":"u","573":"t","574":"t","575":"o","576":"n","577":">","578":"\\","579":"n","580":" ","581":" ","582":" ","583":" ","584":"<","585":"p","586":">","587":"\\","588":"n","589":" ","590":" ","591":" ","592":" ","593":" ","594":" ","595":"E","596":"d","597":"i","598":"t","599":"\\","600":"n","601":" ","602":" ","603":" ","604":" ","605":" ","606":" ","607":"<","608":"c","609":"o","610":"d","611":"e","612":">","613":"c","614":"o","615":"m","616":"p","617":"o","618":"n","619":"e","620":"n","621":"t","622":"s","623":"/","624":"H","625":"e","626":"l","627":"l","628":"o","629":"W","630":"o","631":"r","632":"l","633":"d","634":".","635":"v","636":"u","637":"e","638":"<","639":"/","640":"c","641":"o","642":"d","643":"e","644":">","645":" ","646":"t","647":"o","648":" ","649":"t","650":"e","651":"s","652":"t","653":" ","654":"H","655":"M","656":"R","657":"\\","658":"n","659":" ","660":" ","661":" ","662":" ","663":"<","664":"/","665":"p","666":">","667":"\\","668":"n","669":" ","670":" ","671":"<","672":"/","673":"d","674":"i","675":"v","676":">","677":"\\","678":"n","679":"\\","680":"n","681":" ","682":" ","683":"<","684":"p","685":">","686":"\\","687":"n","688":" ","689":" ","690":" ","691":" ","692":"C","693":"h","694":"e","695":"c","696":"k","697":" ","698":"o","699":"u","700":"t","701":"\\","702":"n","703":" ","704":" ","705":" ","706":" ","707":"<","708":"a","709":" ","710":"h","711":"r","712":"e","713":"f","714":"=","715":"\\","716":"\"","717":"h","718":"t","719":"t","720":"p","721":"s","722":":","723":"/","724":"/","725":"v","726":"u","727":"e","728":"j","729":"s","730":".","731":"o","732":"r","733":"g","734":"/","735":"g","736":"u","737":"i","738":"d","739":"e","740":"/","741":"q","742":"u","743":"i","744":"c","745":"k","746":"-","747":"s","748":"t","749":"a","750":"r","751":"t","752":".","753":"h","754":"t","755":"m","756":"l","757":"#","758":"l","759":"o","760":"c","761":"a","762":"l","763":"\\","764":"\"","765":" ","766":"t","767":"a","768":"r","769":"g","770":"e","771":"t","772":"=","773":"\\","774":"\"","775":"_","776":"b","777":"l","778":"a","779":"n","780":"k","781":"\\","782":"\"","783":"\\","784":"n","785":" ","786":" ","787":" ","788":" ","789":" ","790":" ","791":">","792":"c","793":"r","794":"e","795":"a","796":"t","797":"e","798":"-","799":"v","800":"u","801":"e","802":"<","803":"/","804":"a","805":"\\","806":"n","807":" ","808":" ","809":" ","810":" ","811":">","812":",","813":" ","814":"t","815":"h","816":"e","817":" ","818":"o","819":"f","820":"f","821":"i","822":"c","823":"i","824":"a","825":"l","826":" ","827":"V","828":"u","829":"e","830":" ","831":"+","832":" ","833":"V","834":"i","835":"t","836":"e","837":" ","838":"s","839":"t","840":"a","841":"r","842":"t","843":"e","844":"r","845":"\\","846":"n","847":" ","848":" ","849":"<","850":"/","851":"p","852":">","853":"\\","854":"n","855":" ","856":" ","857":"<","858":"p","859":">","860":"\\","861":"n","862":" ","863":" ","864":" ","865":" ","866":"L","867":"e","868":"a","869":"r","870":"n","871":" ","872":"m","873":"o","874":"r","875":"e","876":" ","877":"a","878":"b","879":"o","880":"u","881":"t","882":" ","883":"I","884":"D","885":"E","886":" ","887":"S","888":"u","889":"p","890":"p","891":"o","892":"r","893":"t","894":" ","895":"f","896":"o","897":"r","898":" ","899":"V","900":"u","901":"e","902":" ","903":"i","904":"n","905":" ","906":"t","907":"h","908":"e","909":"\\","910":"n","911":" ","912":" ","913":" ","914":" ","915":"<","916":"a","917":"\\","918":"n","919":" ","920":" ","921":" ","922":" ","923":" ","924":" ","925":"h","926":"r","927":"e","928":"f","929":"=","930":"\\","931":"\"","932":"h","933":"t","934":"t","935":"p","936":"s","937":":","938":"/","939":"/","940":"v","941":"u","942":"e","943":"j","944":"s","945":".","946":"o","947":"r","948":"g","949":"/","950":"g","951":"u","952":"i","953":"d","954":"e","955":"/","956":"s","957":"c","958":"a","959":"l","960":"i","961":"n","962":"g","963":"-","964":"u","965":"p","966":"/","967":"t","968":"o","969":"o","970":"l","971":"i","972":"n","973":"g","974":".","975":"h","976":"t","977":"m","978":"l","979":"#","980":"i","981":"d","982":"e","983":"-","984":"s","985":"u","986":"p","987":"p","988":"o","989":"r","990":"t","991":"\\","992":"\"","993":"\\","994":"n","995":" ","996":" ","997":" ","998":" ","999":" ","1000":" ","1001":"t","1002":"a","1003":"r","1004":"g","1005":"e","1006":"t","1007":"=","1008":"\\","1009":"\"","1010":"_","1011":"b","1012":"l","1013":"a","1014":"n","1015":"k","1016":"\\","1017":"\"","1018":"\\","1019":"n","1020":" ","1021":" ","1022":" ","1023":" ","1024":" ","1025":" ","1026":">","1027":"V","1028":"u","1029":"e","1030":" ","1031":"D","1032":"o","1033":"c","1034":"s","1035":" ","1036":"S","1037":"c","1038":"a","1039":"l","1040":"i","1041":"n","1042":"g","1043":" ","1044":"u","1045":"p","1046":" ","1047":"G","1048":"u","1049":"i","1050":"d","1051":"e","1052":"<","1053":"/","1054":"a","1055":"\\","1056":"n","1057":" ","1058":" ","1059":" ","1060":" ","1061":">","1062":".","1063":"\\","1064":"n","1065":" ","1066":" ","1067":"<","1068":"/","1069":"p","1070":">","1071":"\\","1072":"n","1073":" ","1074":" ","1075":"<","1076":"p","1077":" ","1078":"c","1079":"l","1080":"a","1081":"s","1082":"s","1083":"=","1084":"\\","1085":"\"","1086":"r","1087":"e","1088":"a","1089":"d","1090":"-","1091":"t","1092":"h","1093":"e","1094":"-","1095":"d","1096":"o","1097":"c","1098":"s","1099":"\\","1100":"\"","1101":">","1102":"C","1103":"l","1104":"i","1105":"c","1106":"k","1107":" ","1108":"o","1109":"n","1110":" ","1111":"t","1112":"h","1113":"e","1114":" ","1115":"V","1116":"i","1117":"t","1118":"e","1119":" ","1120":"a","1121":"n","1122":"d","1123":" ","1124":"V","1125":"u","1126":"e","1127":" ","1128":"l","1129":"o","1130":"g","1131":"o","1132":"s","1133":" ","1134":"t","1135":"o","1136":" ","1137":"l","1138":"e","1139":"a","1140":"r","1141":"n","1142":" ","1143":"m","1144":"o","1145":"r","1146":"e","1147":"<","1148":"/","1149":"p","1150":">","1151":"\\","1152":"n","1153":"<","1154":"/","1155":"t","1156":"e","1157":"m","1158":"p","1159":"l","1160":"a","1161":"t","1162":"e","1163":">","1164":"\\","1165":"n","1166":"\\","1167":"n","1168":"<","1169":"s","1170":"t","1171":"y","1172":"l","1173":"e","1174":" ","1175":"s","1176":"c","1177":"o","1178":"p","1179":"e","1180":"d","1181":">","1182":"\\","1183":"n","1184":".","1185":"r","1186":"e","1187":"a","1188":"d","1189":"-","1190":"t","1191":"h","1192":"e","1193":"-","1194":"d","1195":"o","1196":"c","1197":"s","1198":" ","1199":"{","1200":"\\","1201":"n","1202":" ","1203":" ","1204":"c","1205":"o","1206":"l","1207":"o","1208":"r","1209":":","1210":" ","1211":"#","1212":"8","1213":"8","1214":"8","1215":";","1216":"\\","1217":"n","1218":"}","1219":"\\","1220":"n","1221":"<","1222":"/","1223":"s","1224":"t","1225":"y","1226":"l","1227":"e","1228":">","1229":"\\","1230":"n","1231":"\"","1232":"]","1233":"}"}}
,"C:\\Users\\ADMIN\\Downloads\\storybook\\new latest\\EGOV\\src\\components\\BaseIconButton\\BaseIconButton.vue": {"path":"C:\\Users\\ADMIN\\Downloads\\storybook\\new latest\\EGOV\\src\\components\\BaseIconButton\\BaseIconButton.vue","statementMap":{"0":{"start":{"line":11,"column":26},"end":{"line":11,"column":91}},"1":{"start":{"line":27,"column":24},"end":{"line":27,"column":89}},"2":{"start":{"line":85,"column":24},"end":{"line":85,"column":75}},"3":{"start":{"line":107,"column":4},"end":{"line":107,"column":15}},"4":{"start":{"line":113,"column":18},"end":{"line":113,"column":25}},"5":{"start":{"line":114,"column":17},"end":{"line":114,"column":23}},"6":{"start":{"line":117,"column":20},"end":{"line":117,"column":45}},"7":{"start":{"line":120,"column":24},"end":{"line":126,"column":5}},"8":{"start":{"line":121,"column":6},"end":{"line":121,"column":27}},"9":{"start":{"line":122,"column":6},"end":{"line":125,"column":7}},"10":{"start":{"line":123,"column":8},"end":{"line":123,"column":39}},"11":{"start":{"line":124,"column":8},"end":{"line":124,"column":38}},"12":{"start":{"line":129,"column":24},"end":{"line":131,"column":7}},"13":{"start":{"line":129,"column":40},"end":{"line":131,"column":5}},"14":{"start":{"line":134,"column":22},"end":{"line":141,"column":6}},"15":{"start":{"line":135,"column":6},"end":{"line":139,"column":7}},"16":{"start":{"line":136,"column":8},"end":{"line":138,"column":10}},"17":{"start":{"line":140,"column":6},"end":{"line":140,"column":16}},"18":{"start":{"line":144,"column":17},"end":{"line":149,"column":6}},"19":{"start":{"line":145,"column":6},"end":{"line":147,"column":7}},"20":{"start":{"line":146,"column":8},"end":{"line":146,"column":32}},"21":{"start":{"line":148,"column":6},"end":{"line":148,"column":24}},"22":{"start":{"line":152,"column":24},"end":{"line":179,"column":6}},"23":{"start":{"line":153,"column":27},"end":{"line":153,"column":113}},"24":{"start":{"line":156,"column":22},"end":{"line":162,"column":7}},"25":{"start":{"line":163,"column":20},"end":{"line":163,"column":39}},"26":{"start":{"line":164,"column":21},"end":{"line":164,"column":26}},"27":{"start":{"line":165,"column":23},"end":{"line":174,"column":7}},"28":{"start":{"line":175,"column":6},"end":{"line":177,"column":7}},"29":{"start":{"line":176,"column":8},"end":{"line":176,"column":49}},"30":{"start":{"line":178,"column":6},"end":{"line":178,"column":22}},"31":{"start":{"line":180,"column":25},"end":{"line":189,"column":5}},"32":{"start":{"line":190,"column":4},"end":{"line":193,"column":7}},"33":{"start":{"line":194,"column":4},"end":{"line":194,"column":24}},"34":{"start":{"line":199,"column":0},"end":{"line":201,"column":3}},"35":{"start":{"line":202,"column":0},"end":{"line":202,"column":24}},"36":{"start":{"line":203,"column":11},"end":{"line":203,"column":25}},"37":{"start":{"line":205,"column":25},"end":{"line":205,"column":60}},"38":{"start":{"line":206,"column":2},"end":{"line":218,"column":26}},"39":{"start":{"line":212,"column":6},"end":{"line":215,"column":38}},"40":{"start":{"line":219,"column":2},"end":{"line":219,"column":49}}},"fnMap":{"0":{"name":"(anonymous_0)","decl":{"start":{"line":11,"column":17},"end":{"line":11,"column":18}},"loc":{"start":{"line":11,"column":26},"end":{"line":11,"column":91}},"line":11},"1":{"name":"(anonymous_1)","decl":{"start":{"line":27,"column":17},"end":{"line":27,"column":18}},"loc":{"start":{"line":27,"column":24},"end":{"line":27,"column":89}},"line":27},"2":{"name":"(anonymous_2)","decl":{"start":{"line":85,"column":17},"end":{"line":85,"column":18}},"loc":{"start":{"line":85,"column":24},"end":{"line":85,"column":75}},"line":85},"3":{"name":"(anonymous_3)","decl":{"start":{"line":103,"column":2},"end":{"line":103,"column":3}},"loc":{"start":{"line":106,"column":5},"end":{"line":195,"column":3}},"line":106},"4":{"name":"(anonymous_4)","decl":{"start":{"line":120,"column":24},"end":{"line":120,"column":25}},"loc":{"start":{"line":120,"column":33},"end":{"line":126,"column":5}},"line":120},"5":{"name":"(anonymous_5)","decl":{"start":{"line":129,"column":33},"end":{"line":129,"column":34}},"loc":{"start":{"line":129,"column":40},"end":{"line":131,"column":5}},"line":129},"6":{"name":"(anonymous_6)","decl":{"start":{"line":134,"column":31},"end":{"line":134,"column":32}},"loc":{"start":{"line":134,"column":37},"end":{"line":141,"column":5}},"line":134},"7":{"name":"(anonymous_7)","decl":{"start":{"line":144,"column":26},"end":{"line":144,"column":27}},"loc":{"start":{"line":144,"column":32},"end":{"line":149,"column":5}},"line":144},"8":{"name":"(anonymous_8)","decl":{"start":{"line":152,"column":33},"end":{"line":152,"column":34}},"loc":{"start":{"line":152,"column":39},"end":{"line":179,"column":5}},"line":152},"9":{"name":"render","decl":{"start":{"line":204,"column":9},"end":{"line":204,"column":15}},"loc":{"start":{"line":204,"column":63},"end":{"line":219,"column":1}},"line":204},"10":{"name":"(anonymous_10)","decl":{"start":{"line":211,"column":33},"end":{"line":211,"column":34}},"loc":{"start":{"line":211,"column":45},"end":{"line":216,"column":5}},"line":211}},"branchMap":{"0":{"loc":{"start":{"line":122,"column":6},"end":{"line":125,"column":7}},"type":"if","locations":[{"start":{"line":122,"column":6},"end":{"line":125,"column":7}},{"start":{},"end":{}}],"line":122},"1":{"loc":{"start":{"line":130,"column":23},"end":{"line":130,"column":54}},"type":"binary-expr","locations":[{"start":{"line":130,"column":23},"end":{"line":130,"column":36}},{"start":{"line":130,"column":40},"end":{"line":130,"column":54}}],"line":130},"2":{"loc":{"start":{"line":135,"column":6},"end":{"line":139,"column":7}},"type":"if","locations":[{"start":{"line":135,"column":6},"end":{"line":139,"column":7}},{"start":{},"end":{}}],"line":135},"3":{"loc":{"start":{"line":137,"column":20},"end":{"line":137,"column":82}},"type":"cond-expr","locations":[{"start":{"line":137,"column":44},"end":{"line":137,"column":58}},{"start":{"line":137,"column":61},"end":{"line":137,"column":82}}],"line":137},"4":{"loc":{"start":{"line":145,"column":6},"end":{"line":147,"column":7}},"type":"if","locations":[{"start":{"line":145,"column":6},"end":{"line":147,"column":7}},{"start":{},"end":{}}],"line":145},"5":{"loc":{"start":{"line":145,"column":10},"end":{"line":145,"column":61}},"type":"binary-expr","locations":[{"start":{"line":145,"column":10},"end":{"line":145,"column":24}},{"start":{"line":145,"column":28},"end":{"line":145,"column":41}},{"start":{"line":145,"column":45},"end":{"line":145,"column":61}}],"line":145},"6":{"loc":{"start":{"line":153,"column":27},"end":{"line":153,"column":113}},"type":"cond-expr","locations":[{"start":{"line":153,"column":82},"end":{"line":153,"column":99}},{"start":{"line":153,"column":102},"end":{"line":153,"column":113}}],"line":153},"7":{"loc":{"start":{"line":153,"column":27},"end":{"line":153,"column":79}},"type":"binary-expr","locations":[{"start":{"line":153,"column":27},"end":{"line":153,"column":41}},{"start":{"line":153,"column":45},"end":{"line":153,"column":58}},{"start":{"line":153,"column":62},"end":{"line":153,"column":79}}],"line":153},"8":{"loc":{"start":{"line":173,"column":22},"end":{"line":173,"column":54}},"type":"binary-expr","locations":[{"start":{"line":173,"column":22},"end":{"line":173,"column":37}},{"start":{"line":173,"column":41},"end":{"line":173,"column":54}}],"line":173},"9":{"loc":{"start":{"line":175,"column":6},"end":{"line":177,"column":7}},"type":"if","locations":[{"start":{"line":175,"column":6},"end":{"line":177,"column":7}},{"start":{},"end":{}}],"line":175}},"s":{"0":0,"1":0,"2":0,"3":0,"4":0,"5":0,"6":0,"7":0,"8":0,"9":0,"10":0,"11":0,"12":0,"13":0,"14":0,"15":0,"16":0,"17":0,"18":0,"19":0,"20":0,"21":0,"22":0,"23":0,"24":0,"25":0,"26":0,"27":0,"28":0,"29":0,"30":0,"31":0,"32":0,"33":0,"34":0,"35":0,"36":0,"37":0,"38":0,"39":0,"40":0},"f":{"0":0,"1":0,"2":0,"3":0,"4":0,"5":0,"6":0,"7":0,"8":0,"9":0,"10":0},"b":{"0":[0,0],"1":[0,0],"2":[0,0],"3":[0,0],"4":[0,0],"5":[0,0,0],"6":[0,0],"7":[0,0,0],"8":[0,0],"9":[0,0]},"inputSourceMap":{"0":"{","1":"\"","2":"v","3":"e","4":"r","5":"s","6":"i","7":"o","8":"n","9":"\"","10":":","11":"3","12":",","13":"\"","14":"s","15":"o","16":"u","17":"r","18":"c","19":"e","20":"s","21":"\"","22":":","23":"[","24":"\"","25":"C","26":":","27":"/","28":"U","29":"s","30":"e","31":"r","32":"s","33":"/","34":"A","35":"D","36":"M","37":"I","38":"N","39":"/","40":"D","41":"o","42":"w","43":"n","44":"l","45":"o","46":"a","47":"d","48":"s","49":"/","50":"s","51":"t","52":"o","53":"r","54":"y","55":"b","56":"o","57":"o","58":"k","59":"/","60":"n","61":"e","62":"w","63":" ","64":"l","65":"a","66":"t","67":"e","68":"s","69":"t","70":"/","71":"E","72":"G","73":"O","74":"V","75":"/","76":"s","77":"r","78":"c","79":"/","80":"c","81":"o","82":"m","83":"p","84":"o","85":"n","86":"e","87":"n","88":"t","89":"s","90":"/","91":"B","92":"a","93":"s","94":"e","95":"I","96":"c","97":"o","98":"n","99":"B","100":"u","101":"t","102":"t","103":"o","104":"n","105":"/","106":"B","107":"a","108":"s","109":"e","110":"I","111":"c","112":"o","113":"n","114":"B","115":"u","116":"t","117":"t","118":"o","119":"n","120":".","121":"v","122":"u","123":"e","124":"\"","125":"]","126":",","127":"\"","128":"n","129":"a","130":"m","131":"e","132":"s","133":"\"","134":":","135":"[","136":"]","137":",","138":"\"","139":"m","140":"a","141":"p","142":"p","143":"i","144":"n","145":"g","146":"s","147":"\"","148":":","149":"\"","150":";","151":";","152":";","153":";","154":";","155":";","156":";","157":";","158":";","159":";","160":";","161":";","162":";","163":";","164":";","165":";","166":";","167":";","168":";","169":";","170":";","171":";","172":";","173":";","174":";","175":";","176":";","177":";","178":";","179":";","180":";","181":";","182":";","183":";","184":";","185":";","186":";","187":";","188":";","189":";","190":";","191":";","192":";","193":";","194":";","195":";","196":";","197":";","198":";","199":";","200":";","201":";","202":";","203":";","204":";","205":";","206":";","207":";","208":";","209":";","210":";","211":";","212":";","213":";","214":";","215":";","216":";","217":";","218":";","219":";","220":";","221":";","222":";","223":";","224":";","225":";","226":";","227":";","228":";","229":";","230":";","231":";","232":";","233":";","234":";","235":";","236":";","237":";","238":";","239":";","240":";","241":";","242":";","243":";","244":";","245":";","246":";","247":";","248":";","249":";","250":";","251":";","252":";","253":";","254":";","255":";","256":";","257":";","258":"I","259":"A","260":"Y","261":"A","262":";","263":"A","264":"A","265":"C","266":"A","267":";","268":"A","269":"A","270":"C","271":"A","272":";","273":"A","274":"A","275":"C","276":"A","277":";","278":"I","279":"A","280":"C","281":"A","282":",","283":"M","284":"A","285":"A","286":"M","287":",","288":"K","289":"A","290":"A","291":"K","292":",","293":"G","294":"A","295":"A","296":"G","297":",","298":"O","299":"A","300":"k","301":"G","302":"O","303":";","304":"I","305":"A","306":"E","307":"r","308":"B","309":",","310":"M","311":"A","312":"A","313":"M","314":",","315":"I","316":"A","317":"A","318":"I","319":",","320":"G","321":"A","322":"A","323":"G","324":",","325":"M","326":"A","327":"A","328":"M","329":";","330":";","331":"I","332":"A","333":"E","334":"n","335":"B","336":";","337":"I","338":"A","339":"C","340":"A","341":",","342":"M","343":"A","344":"A","345":"M","346":",","347":"O","348":"A","349":"A","350":"O","351":",","352":"G","353":"A","354":"A","355":"G","356":",","357":"G","358":"A","359":"A","360":"G","361":",","362":"C","363":"A","364":"A","365":"C","366":",","367":"K","368":"A","369":"A","370":"K","371":",","372":"C","373":"A","374":"A","375":"C","376":",","377":"c","378":"A","379":"A","380":"c","381":",","382":"C","383":"A","384":"A","385":"C","386":";","387":";","388":"I","389":"A","390":"E","391":"z","392":"C","393":";","394":"I","395":"A","396":"C","397":"A","398":",","399":"M","400":"A","401":"A","402":"M","403":",","404":"W","405":"A","406":"A","407":"W","408":",","409":"G","410":"A","411":"A","412":"I","413":",","414":"K","415":"A","416":"A","417":"K","418":",","419":"I","420":"A","421":"A","422":"K","423":";","424":"M","425":"A","426":"C","427":"7","428":"B","429":",","430":"I","431":"A","432":"A","433":"I","434":",","435":"C","436":"A","437":"A","438":"C","439":",","440":"O","441":"A","442":"A","443":"O","444":",","445":"E","446":"A","447":"A","448":"E","449":",","450":"K","451":"A","452":"A","453":"K","454":",","455":"C","456":"A","457":"A","458":"C","459":";","460":"M","461":"A","462":"E","463":"p","464":"B","465":",","466":"I","467":"A","468":"A","469":"I","470":",","471":"K","472":"A","473":"A","474":"K","475":",","476":"C","477":"A","478":"A","479":"C","480":",","481":"Q","482":"A","483":"A","484":"Q","485":",","486":"E","487":"A","488":"A","489":"E","490":";","491":"Q","492":"A","493":"C","494":"l","495":"B","496":",","497":"O","498":"A","499":"A","500":"O","501":",","502":"C","503":"A","504":"A","505":"C","506":",","507":"K","508":"A","509":"A","510":"K","511":",","512":"G","513":"A","514":"A","515":"G","516":",","517":"C","518":"A","519":"A","520":"C","521":",","522":"O","523":"A","524":"A","525":"O","526":",","527":"C","528":"A","529":"A","530":"C","531":",","532":"K","533":"A","534":"A","535":"K","536":";","537":"Q","538":"A","539":"C","540":"9","541":"B","542":",","543":"I","544":"A","545":"A","546":"I","547":",","548":"C","549":"A","550":"A","551":"C","552":",","553":"Q","554":"A","555":"A","556":"Q","557":",","558":"E","559":"A","560":"A","561":"E","562":",","563":"O","564":"A","565":"A","566":"O","567":",","568":"C","569":"A","570":"A","571":"C","572":",","573":"K","574":"A","575":"A","576":"K","577":",","578":"C","579":"A","580":"A","581":"C","582":";","583":"M","584":"A","585":"C","586":"/","587":"B","588":";","589":"I","590":"A","591":"C","592":"F","593":",","594":"C","595":"A","596":"A","597":"C","598":";","599":";","600":"I","601":"A","602":"E","603":"D","604":";","605":"I","606":"A","607":"C","608":"A","609":",","610":"M","611":"A","612":"A","613":"M","614":",","615":"W","616":"A","617":"A","618":"W","619":",","620":"G","621":"A","622":"A","623":"G","624":",","625":"Q","626":"A","627":"A","628":"Q","629":",","630":"C","631":"A","632":"A","633":"C","634":",","635":"O","636":"A","637":"A","638":"O","639":";","640":"M","641":"A","642":"C","643":"l","644":"C","645":",","646":"e","647":"A","648":"A","649":"e","650":",","651":"E","652":"A","653":"A","654":"E","655":",","656":"O","657":"A","658":"A","659":"O","660":",","661":"C","662":"A","663":"A","664":"C","665":",","666":"K","667":"A","668":"A","669":"K","670":",","671":"I","672":"A","673":"A","674":"I","675":",","676":"K","677":"A","678":"A","679":"K","680":",","681":"C","682":"A","683":"A","684":"C","685":";","686":"I","687":"A","688":"C","689":"1","690":"C","691":",","692":"C","693":"A","694":"A","695":"C","696":",","697":"C","698":"A","699":"A","700":"C","701":",","702":"C","703":"A","704":"A","705":"C","706":";","707":";","708":"I","709":"A","710":"E","711":"H","712":";","713":"I","714":"A","715":"C","716":"A","717":",","718":"M","719":"A","720":"A","721":"M","722":",","723":"S","724":"A","725":"A","726":"S","727":",","728":"G","729":"A","730":"A","731":"G","732":",","733":"Q","734":"A","735":"A","736":"Q","737":",","738":"C","739":"A","740":"A","741":"C","742":",","743":"M","744":"A","745":"A","746":"M","747":";","748":"M","749":"A","750":"C","751":"/","752":"B","753":",","754":"I","755":"A","756":"A","757":"I","758":",","759":"K","760":"A","761":"A","762":"K","763":",","764":"C","765":"A","766":"A","767":"C","768":",","769":"Q","770":"A","771":"A","772":"Q","773":",","774":"E","775":"A","776":"A","777":"E","778":";","779":"Q","780":"A","781":"C","782":"l","783":"B","784":",","785":"O","786":"A","787":"A","788":"O","789":";","790":"U","791":"A","792":"A","793":"E","794":",","795":"Q","796":"A","797":"A","798":"Q","799":",","800":"E","801":"A","802":"A","803":"E","804":",","805":"K","806":"A","807":"A","808":"K","809":",","810":"C","811":"A","812":"A","813":"C","814":",","815":"K","816":"A","817":"A","818":"K","819":",","820":"C","821":"A","822":"A","823":"C","824":",","825":"Q","826":"A","827":"A","828":"Q","829":",","830":"C","831":"A","832":"A","833":"C","834":",","835":"G","836":"A","837":"A","838":"G","839":",","840":"K","841":"A","842":"A","843":"K","844":",","845":"C","846":"A","847":"A","848":"C","849":",","850":"Q","851":"A","852":"A","853":"Q","854":",","855":"G","856":"A","857":"A","858":"G","859":",","860":"G","861":"A","862":"A","863":"G","864":",","865":"K","866":"A","867":"A","868":"K","869":",","870":"C","871":"A","872":"A","873":"C","874":",","875":"Q","876":"A","877":"A","878":"Q","879":";","880":"Q","881":"A","882":"A","883":"K","884":",","885":"C","886":"A","887":"A","888":"C","889":";","890":"M","891":"A","892":"C","893":"r","894":"F","895":";","896":"M","897":"A","898":"C","899":"A","900":",","901":"O","902":"A","903":"A","904":"O","905":",","906":"C","907":"A","908":"A","909":"C","910":",","911":"C","912":"A","913":"A","914":"C","915":";","916":"I","917":"A","918":"C","919":"X","920":",","921":"C","922":"A","923":"A","924":"C","925":",","926":"C","927":"A","928":"A","929":"C","930":";","931":";","932":"I","933":"A","934":"E","935":"F","936":";","937":"I","938":"A","939":"C","940":"A","941":",","942":"M","943":"A","944":"A","945":"M","946":",","947":"I","948":"A","949":"A","950":"I","951":",","952":"G","953":"A","954":"A","955":"G","956":",","957":"Q","958":"A","959":"A","960":"Q","961":",","962":"C","963":"A","964":"A","965":"C","966":",","967":"M","968":"A","969":"A","970":"M","971":";","972":"M","973":"A","974":"C","975":"1","976":"B","977":",","978":"I","979":"A","980":"A","981":"I","982":",","983":"K","984":"A","985":"A","986":"K","987":",","988":"C","989":"A","990":"A","991":"C","992":",","993":"Q","994":"A","995":"A","996":"Q","997":",","998":"I","999":"A","1000":"A","1001":"I","1002":",","1003":"O","1004":"A","1005":"A","1006":"O","1007":",","1008":"C","1009":"A","1010":"A","1011":"C","1012":",","1013":"K","1014":"A","1015":"A","1016":"K","1017":",","1018":"I","1019":"A","1020":"A","1021":"I","1022":",","1023":"K","1024":"A","1025":"A","1026":"K","1027":",","1028":"C","1029":"A","1030":"A","1031":"C","1032":",","1033":"U","1034":"A","1035":"A","1036":"U","1037":",","1038":"E","1039":"A","1040":"A","1041":"E","1042":";","1043":"Q","1044":"A","1045":"C","1046":"v","1047":"D","1048":",","1049":"O","1050":"A","1051":"A","1052":"O","1053":",","1054":"K","1055":"A","1056":"A","1057":"K","1058":",","1059":"C","1060":"A","1061":"A","1062":"C","1063":",","1064":"U","1065":"A","1066":"A","1067":"U","1068":";","1069":"M","1070":"A","1071":"C","1072":"z","1073":"B","1074":";","1075":"M","1076":"A","1077":"C","1078":"A","1079":",","1080":"O","1081":"A","1082":"A","1083":"O","1084":",","1085":"K","1086":"A","1087":"A","1088":"K","1089":",","1090":"C","1091":"A","1092":"A","1093":"C","1094":",","1095":"I","1096":"A","1097":"A","1098":"I","1099":";","1100":"I","1101":"A","1102":"C","1103":"n","1104":"B","1105":",","1106":"C","1107":"A","1108":"A","1109":"C","1110":",","1111":"C","1112":"A","1113":"A","1114":"C","1115":";","1116":";","1117":"I","1118":"A","1119":"E","1120":"F","1121":";","1122":"I","1123":"A","1124":"C","1125":"A","1126":",","1127":"M","1128":"A","1129":"A","1130":"M","1131":",","1132":"W","1133":"A","1134":"A","1135":"W","1136":",","1137":"G","1138":"A","1139":"A","1140":"G","1141":",","1142":"Q","1143":"A","1144":"A","1145":"Q","1146":",","1147":"C","1148":"A","1149":"A","1150":"C","1151":",","1152":"M","1153":"A","1154":"A","1155":"M","1156":";","1157":"M","1158":"A","1159":"C","1160":"j","1161":"C","1162":",","1163":"M","1164":"A","1165":"A","1166":"M","1167":",","1168":"Y","1169":"A","1170":"A","1171":"Y","1172":",","1173":"G","1174":"A","1175":"A","1176":"G","1177":",","1178":"K","1179":"A","1180":"A","1181":"K","1182":",","1183":"C","1184":"A","1185":"A","1186":"C","1187":",","1188":"Q","1189":"A","1190":"A","1191":"Q","1192":",","1193":"I","1194":"A","1195":"A","1196":"I","1197":",","1198":"O","1199":"A","1200":"A","1201":"O","1202":",","1203":"C","1204":"A","1205":"A","1206":"C","1207":",","1208":"K","1209":"A","1210":"A","1211":"K","1212":",","1213":"I","1214":"A","1215":"A","1216":"I","1217":",","1218":"K","1219":"A","1220":"A","1221":"K","1222":",","1223":"C","1224":"A","1225":"A","1226":"C","1227":",","1228":"W","1229":"A","1230":"A","1231":"W","1232":",","1233":"G","1234":"A","1235":"C","1236":"r","1237":"E","1238":",","1239":"K","1240":"A","1241":"A","1242":"K","1243":",","1244":"C","1245":"A","1246":"A","1247":"C","1248":",","1249":"W","1250":"A","1251":"A","1252":"W","1253":",","1254":"G","1255":"A","1256":"C","1257":"j","1258":"B","1259":",","1260":"K","1261":"A","1262":"A","1263":"K","1264":",","1265":"C","1266":"A","1267":"A","1268":"C","1269":",","1270":"K","1271":"A","1272":"A","1273":"K","1274":";","1275":";","1276":"M","1277":"A","1278":"E","1279":"f","1280":";","1281":"M","1282":"A","1283":"C","1284":"A","1285":",","1286":"M","1287":"A","1288":"A","1289":"M","1290":",","1291":"O","1292":"A","1293":"A","1294":"O","1295":",","1296":"G","1297":"A","1298":"A","1299":"G","1300":";","1301":"Q","1302":"A","1303":"C","1304":"d","1305":",","1306":"S","1307":"A","1308":"A","1309":"S","1310":",","1311":"E","1312":"A","1313":"A","1314":"E","1315":",","1316":"E","1317":"A","1318":"A","1319":"E","1320":";","1321":"Q","1322":"A","1323":"C","1324":"b","1325":",","1326":"O","1327":"A","1328":"A","1329":"O","1330":",","1331":"E","1332":"A","1333":"A","1334":"E","1335":",","1336":"E","1337":"A","1338":"A","1339":"E","1340":";","1341":"Q","1342":"A","1343":"C","1344":"X","1345":",","1346":"S","1347":"A","1348":"A","1349":"S","1350":",","1351":"E","1352":"A","1353":"A","1354":"E","1355":",","1356":"E","1357":"A","1358":"A","1359":"E","1360":";","1361":"Q","1362":"A","1363":"C","1364":"b","1365":",","1366":"O","1367":"A","1368":"A","1369":"O","1370":",","1371":"E","1372":"A","1373":"A","1374":"E","1375":",","1376":"E","1377":"A","1378":"A","1379":"E","1380":";","1381":"Q","1382":"A","1383":"C","1384":"X","1385":",","1386":"S","1387":"A","1388":"A","1389":"S","1390":",","1391":"E","1392":"A","1393":"A","1394":"E","1395":";","1396":"M","1397":"A","1398":"C","1399":"b","1400":",","1401":"C","1402":"A","1403":"A","1404":"C","1405":";","1406":"M","1407":"A","1408":"E","1409":"D","1410":",","1411":"M","1412":"A","1413":"A","1414":"M","1415":",","1416":"K","1417":"A","1418":"A","1419":"K","1420":",","1421":"G","1422":"A","1423":"A","1424":"G","1425":",","1426":"O","1427":"A","1428":"A","1429":"O","1430":",","1431":"C","1432":"A","1433":"A","1434":"C","1435":",","1436":"K","1437":"A","1438":"A","1439":"K","1440":",","1441":"C","1442":"A","1443":"A","1444":"C","1445":",","1446":"I","1447":"A","1448":"A","1449":"I","1450":",","1451":"C","1452":"A","1453":"A","1454":"C","1455":";","1456":"M","1457":"A","1458":"C","1459":"j","1460":"C","1461":",","1462":"M","1463":"A","1464":"A","1465":"M","1466":",","1467":"M","1468":"A","1469":"A","1470":"M","1471":",","1472":"G","1473":"A","1474":"A","1475":"G","1476":",","1477":"K","1478":"A","1479":"A","1480":"K","1481":";","1482":"M","1483":"A","1484":"E","1485":"p","1486":"B","1487":",","1488":"M","1489":"A","1490":"A","1491":"M","1492":",","1493":"Q","1494":"A","1495":"A","1496":"Q","1497":",","1498":"G","1499":"A","1500":"A","1501":"G","1502":";","1503":"Q","1504":"A","1505":"C","1506":"f","1507":",","1508":"O","1509":"A","1510":"A","1511":"O","1512":",","1513":"E","1514":"A","1515":"A","1516":"E","1517":",","1518":"K","1519":"A","1520":"A","1521":"K","1522":",","1523":"C","1524":"A","1525":"A","1526":"C","1527":",","1528":"O","1529":"A","1530":"A","1531":"O","1532":";","1533":"Q","1534":"A","1535":"C","1536":"t","1537":"B","1538":",","1539":"Q","1540":"A","1541":"A","1542":"Q","1543":",","1544":"E","1545":"A","1546":"A","1547":"E","1548":",","1549":"K","1550":"A","1551":"A","1552":"K","1553":",","1554":"C","1555":"A","1556":"A","1557":"C","1558":",","1559":"Q","1560":"A","1561":"A","1562":"Q","1563":";","1564":"Q","1565":"A","1566":"C","1567":"x","1568":"B","1569":",","1570":"O","1571":"A","1572":"A","1573":"O","1574":",","1575":"E","1576":"A","1577":"A","1578":"E","1579":",","1580":"K","1581":"A","1582":"A","1583":"K","1584":",","1585":"C","1586":"A","1587":"A","1588":"C","1589":",","1590":"O","1591":"A","1592":"A","1593":"O","1594":";","1595":"Q","1596":"A","1597":"C","1598":"t","1599":"B","1600":",","1601":"K","1602":"A","1603":"A","1604":"K","1605":",","1606":"E","1607":"A","1608":"A","1609":"E","1610":",","1611":"Y","1612":"A","1613":"A","1614":"Y","1615":";","1616":"Q","1617":"A","1618":"C","1619":"n","1620":"B","1621":",","1622":"O","1623":"A","1624":"A","1625":"O","1626":",","1627":"E","1628":"A","1629":"A","1630":"E","1631":",","1632":"K","1633":"A","1634":"A","1635":"K","1636":",","1637":"C","1638":"A","1639":"A","1640":"C","1641":",","1642":"O","1643":"A","1644":"A","1645":"O","1646":";","1647":"Q","1648":"A","1649":"C","1650":"t","1651":"B","1652":",","1653":"K","1654":"A","1655":"A","1656":"K","1657":",","1658":"E","1659":"A","1660":"A","1661":"E","1662":",","1663":"K","1664":"A","1665":"A","1666":"K","1667":";","1668":"Q","1669":"A","1670":"C","1671":"Z","1672":",","1673":"M","1674":"A","1675":"A","1676":"M","1677":",","1678":"E","1679":"A","1680":"A","1681":"E","1682":",","1683":"M","1684":"A","1685":"A","1686":"M","1687":";","1688":"Q","1689":"A","1690":"C","1691":"d","1692":",","1693":"Y","1694":"A","1695":"A","1696":"Y","1697":",","1698":"E","1699":"A","1700":"A","1701":"E","1702":",","1703":"K","1704":"A","1705":"A","1706":"K","1707":",","1708":"C","1709":"A","1710":"A","1711":"C","1712":",","1713":"S","1714":"A","1715":"A","1716":"S","1717":",","1718":"I","1719":"A","1720":"A","1721":"I","1722":";","1723":"M","1724":"A","1725":"C","1726":"n","1727":"C","1728":",","1729":"C","1730":"A","1731":"A","1732":"C","1733":";","1734":"M","1735":"A","1736":"E","1737":"D","1738":",","1739":"I","1740":"A","1741":"A","1742":"I","1743":",","1744":"K","1745":"A","1746":"A","1747":"K","1748":",","1749":"C","1750":"A","1751":"A","1752":"C","1753":",","1754":"Q","1755":"A","1756":"A","1757":"Q","1758":",","1759":"E","1760":"A","1761":"A","1762":"E","1763":";","1764":"Q","1765":"A","1766":"C","1767":"l","1768":"B","1769":",","1770":"Q","1771":"A","1772":"A","1773":"Q","1774":",","1775":"C","1776":"A","1777":"A","1778":"C","1779":",","1780":"c","1781":"A","1782":"A","1783":"c","1784":",","1785":"C","1786":"A","1787":"A","1788":"C","1789":",","1790":"G","1791":"A","1792":"A","1793":"G","1794":",","1795":"O","1796":"A","1797":"A","1798":"O","1799":",","1800":"C","1801":"A","1802":"A","1803":"C","1804":",","1805":"K","1806":"A","1807":"A","1808":"K","1809":";","1810":"M","1811":"A","1812":"C","1813":"1","1814":"C","1815":";","1816":"M","1817":"A","1818":"E","1819":"A","1820":",","1821":"O","1822":"A","1823":"A","1824":"O","1825":",","1826":"Q","1827":"A","1828":"A","1829":"Q","1830":";","1831":"I","1832":"A","1833":"C","1834":"j","1835":"B","1836":",","1837":"C","1838":"A","1839":"A","1840":"C","1841":",","1842":"C","1843":"A","1844":"A","1845":"C","1846":"\"","1847":",","1848":"\"","1849":"f","1850":"i","1851":"l","1852":"e","1853":"\"","1854":":","1855":"\"","1856":"C","1857":":","1858":"\\","1859":"\\","1860":"U","1861":"s","1862":"e","1863":"r","1864":"s","1865":"\\","1866":"\\","1867":"A","1868":"D","1869":"M","1870":"I","1871":"N","1872":"\\","1873":"\\","1874":"D","1875":"o","1876":"w","1877":"n","1878":"l","1879":"o","1880":"a","1881":"d","1882":"s","1883":"\\","1884":"\\","1885":"s","1886":"t","1887":"o","1888":"r","1889":"y","1890":"b","1891":"o","1892":"o","1893":"k","1894":"\\","1895":"\\","1896":"n","1897":"e","1898":"w","1899":" ","1900":"l","1901":"a","1902":"t","1903":"e","1904":"s","1905":"t","1906":"\\","1907":"\\","1908":"E","1909":"G","1910":"O","1911":"V","1912":"\\","1913":"\\","1914":"s","1915":"r","1916":"c","1917":"\\","1918":"\\","1919":"c","1920":"o","1921":"m","1922":"p","1923":"o","1924":"n","1925":"e","1926":"n","1927":"t","1928":"s","1929":"\\","1930":"\\","1931":"B","1932":"a","1933":"s","1934":"e","1935":"I","1936":"c","1937":"o","1938":"n","1939":"B","1940":"u","1941":"t","1942":"t","1943":"o","1944":"n","1945":"\\","1946":"\\","1947":"B","1948":"a","1949":"s","1950":"e","1951":"I","1952":"c","1953":"o","1954":"n","1955":"B","1956":"u","1957":"t","1958":"t","1959":"o","1960":"n","1961":".","1962":"v","1963":"u","1964":"e","1965":"\"","1966":",","1967":"\"","1968":"s","1969":"o","1970":"u","1971":"r","1972":"c","1973":"e","1974":"s","1975":"C","1976":"o","1977":"n","1978":"t","1979":"e","1980":"n","1981":"t","1982":"\"","1983":":","1984":"[","1985":"\"","1986":"<","1987":"t","1988":"e","1989":"m","1990":"p","1991":"l","1992":"a","1993":"t","1994":"e","1995":">","1996":"\\","1997":"n","1998":" ","1999":" ","2000":"<","2001":"v","2002":"-","2003":"b","2004":"t","2005":"n","2006":"\\","2007":"n","2008":" ","2009":" ","2010":" ","2011":" ","2012":":","2013":"i","2014":"c","2015":"o","2016":"n","2017":"=","2018":"\\","2019":"\"","2020":"t","2021":"r","2022":"u","2023":"e","2024":"\\","2025":"\"","2026":"\\","2027":"n","2028":" ","2029":" ","2030":" ","2031":" ","2032":"v","2033":"-","2034":"b","2035":"i","2036":"n","2037":"d","2038":"=","2039":"\\","2040":"\"","2041":"b","2042":"u","2043":"t","2044":"t","2045":"o","2046":"n","2047":"P","2048":"r","2049":"o","2050":"p","2051":"s","2052":"\\","2053":"\"","2054":"\\","2055":"n","2056":" ","2057":" ","2058":" ","2059":" ","2060":"@","2061":"c","2062":"l","2063":"i","2064":"c","2065":"k","2066":"=","2067":"\\","2068":"\"","2069":"h","2070":"a","2071":"n","2072":"d","2073":"l","2074":"e","2075":"C","2076":"l","2077":"i","2078":"c","2079":"k","2080":"\\","2081":"\"","2082":"\\","2083":"n","2084":" ","2085":" ","2086":">","2087":"\\","2088":"n","2089":" ","2090":" ","2091":" ","2092":" ","2093":"<","2094":"i","2095":" ","2096":":","2097":"c","2098":"l","2099":"a","2100":"s","2101":"s","2102":"=","2103":"\\","2104":"\"","2105":"[","2106":"i","2107":"c","2108":"o","2109":"n","2110":",","2111":" ","2112":"i","2113":"c","2114":"o","2115":"n","2116":"C","2117":"l","2118":"a","2119":"s","2120":"s","2121":"e","2122":"s","2123":"]","2124":"\\","2125":"\"","2126":" ","2127":":","2128":"s","2129":"t","2130":"y","2131":"l","2132":"e","2133":"=","2134":"\\","2135":"\"","2136":"i","2137":"c","2138":"o","2139":"n","2140":"S","2141":"t","2142":"y","2143":"l","2144":"e","2145":"\\","2146":"\"","2147":">","2148":"<","2149":"/","2150":"i","2151":">","2152":"\\","2153":"n","2154":" ","2155":" ","2156":"<","2157":"/","2158":"v","2159":"-","2160":"b","2161":"t","2162":"n","2163":">","2164":"\\","2165":"n","2166":"<","2167":"/","2168":"t","2169":"e","2170":"m","2171":"p","2172":"l","2173":"a","2174":"t","2175":"e","2176":">","2177":"\\","2178":"n","2179":"\\","2180":"n","2181":"<","2182":"s","2183":"c","2184":"r","2185":"i","2186":"p","2187":"t","2188":" ","2189":"s","2190":"e","2191":"t","2192":"u","2193":"p","2194":">","2195":"\\","2196":"n","2197":"\\","2198":"n","2199":"/","2200":"*","2201":"*","2202":"\\","2203":"n","2204":" ","2205":"*","2206":" ","2207":"B","2208":"a","2209":"s","2210":"e","2211":"I","2212":"c","2213":"o","2214":"n","2215":"B","2216":"u","2217":"t","2218":"t","2219":"o","2220":"n","2221":" ","2222":"-","2223":" ","2224":"A","2225":" ","2226":"c","2227":"u","2228":"s","2229":"t","2230":"o","2231":"m","2232":"i","2233":"z","2234":"e","2235":"d","2236":" ","2237":"i","2238":"c","2239":"o","2240":"n","2241":" ","2242":"b","2243":"u","2244":"t","2245":"t","2246":"o","2247":"n","2248":" ","2249":"c","2250":"o","2251":"m","2252":"p","2253":"o","2254":"n","2255":"e","2256":"n","2257":"t","2258":" ","2259":"b","2260":"a","2261":"s","2262":"e","2263":"d","2264":" ","2265":"o","2266":"n","2267":" ","2268":"V","2269":"u","2270":"e","2271":"t","2272":"i","2273":"f","2274":"y","2275":"'","2276":"s","2277":" ","2278":"v","2279":"-","2280":"b","2281":"t","2282":"n","2283":"\\","2284":"n","2285":" ","2286":"*","2287":" ","2288":"f","2289":"o","2290":"l","2291":"l","2292":"o","2293":"w","2294":"i","2295":"n","2296":"g","2297":" ","2298":"t","2299":"h","2300":"e","2301":" ","2302":"d","2303":"e","2304":"s","2305":"i","2306":"g","2307":"n","2308":" ","2309":"s","2310":"y","2311":"s","2312":"t","2313":"e","2314":"m","2315":" ","2316":"g","2317":"u","2318":"i","2319":"d","2320":"e","2321":"l","2322":"i","2323":"n","2324":"e","2325":"s","2326":".","2327":"\\","2328":"n","2329":" ","2330":"*","2331":"/","2332":"\\","2333":"n","2334":"c","2335":"o","2336":"n","2337":"s","2338":"t","2339":" ","2340":"p","2341":"r","2342":"o","2343":"p","2344":"s","2345":" ","2346":"=","2347":" ","2348":"d","2349":"e","2350":"f","2351":"i","2352":"n","2353":"e","2354":"P","2355":"r","2356":"o","2357":"p","2358":"s","2359":"(","2360":"{","2361":"\\","2362":"n","2363":" ","2364":" ","2365":"/","2366":"*","2367":"*","2368":"\\","2369":"n","2370":" ","2371":" ","2372":" ","2373":"*","2374":" ","2375":"T","2376":"h","2377":"e","2378":" ","2379":"v","2380":"a","2381":"r","2382":"i","2383":"a","2384":"n","2385":"t","2386":" ","2387":"o","2388":"f","2389":" ","2390":"t","2391":"h","2392":"e","2393":" ","2394":"b","2395":"u","2396":"t","2397":"t","2398":"o","2399":"n","2400":"\\","2401":"n","2402":" ","2403":" ","2404":" ","2405":"*","2406":" ","2407":"@","2408":"v","2409":"a","2410":"l","2411":"u","2412":"e","2413":"s","2414":" ","2415":"f","2416":"l","2417":"a","2418":"t","2419":",","2420":" ","2421":"o","2422":"u","2423":"t","2424":"l","2425":"i","2426":"n","2427":"e","2428":"d","2429":",","2430":" ","2431":"t","2432":"e","2433":"x","2434":"t","2435":",","2436":" ","2437":"t","2438":"o","2439":"n","2440":"a","2441":"l","2442":",","2443":" ","2444":"e","2445":"l","2446":"e","2447":"v","2448":"a","2449":"t","2450":"e","2451":"d","2452":"\\","2453":"n","2454":" ","2455":" ","2456":" ","2457":"*","2458":"/","2459":"\\","2460":"n","2461":" ","2462":" ","2463":"v","2464":"a","2465":"r","2466":"i","2467":"a","2468":"n","2469":"t","2470":":","2471":" ","2472":"{","2473":"\\","2474":"n","2475":" ","2476":" ","2477":" ","2478":" ","2479":"t","2480":"y","2481":"p","2482":"e","2483":":","2484":" ","2485":"S","2486":"t","2487":"r","2488":"i","2489":"n","2490":"g","2491":",","2492":"\\","2493":"n","2494":" ","2495":" ","2496":" ","2497":" ","2498":"d","2499":"e","2500":"f","2501":"a","2502":"u","2503":"l","2504":"t","2505":":","2506":" ","2507":"'","2508":"f","2509":"l","2510":"a","2511":"t","2512":"'","2513":",","2514":"\\","2515":"n","2516":" ","2517":" ","2518":" ","2519":" ","2520":"v","2521":"a","2522":"l","2523":"i","2524":"d","2525":"a","2526":"t","2527":"o","2528":"r","2529":":","2530":" ","2531":"(","2532":"v","2533":"a","2534":"l","2535":"u","2536":"e","2537":")","2538":" ","2539":"=","2540":">","2541":" ","2542":"[","2543":"'","2544":"f","2545":"l","2546":"a","2547":"t","2548":"'","2549":",","2550":" ","2551":"'","2552":"o","2553":"u","2554":"t","2555":"l","2556":"i","2557":"n","2558":"e","2559":"d","2560":"'","2561":",","2562":" ","2563":"'","2564":"t","2565":"e","2566":"x","2567":"t","2568":"'","2569":",","2570":" ","2571":"'","2572":"t","2573":"o","2574":"n","2575":"a","2576":"l","2577":"'","2578":",","2579":" ","2580":"'","2581":"e","2582":"l","2583":"e","2584":"v","2585":"a","2586":"t","2587":"e","2588":"d","2589":"'","2590":"]","2591":".","2592":"i","2593":"n","2594":"c","2595":"l","2596":"u","2597":"d","2598":"e","2599":"s","2600":"(","2601":"v","2602":"a","2603":"l","2604":"u","2605":"e","2606":")","2607":"\\","2608":"n","2609":" ","2610":" ","2611":"}","2612":",","2613":"\\","2614":"n","2615":" ","2616":" ","2617":"/","2618":"*","2619":"*","2620":"\\","2621":"n","2622":" ","2623":" ","2624":" ","2625":"*","2626":" ","2627":"T","2628":"h","2629":"e","2630":" ","2631":"i","2632":"c","2633":"o","2634":"n","2635":" ","2636":"t","2637":"o","2638":" ","2639":"d","2640":"i","2641":"s","2642":"p","2643":"l","2644":"a","2645":"y","2646":" ","2647":"(","2648":"R","2649":"e","2650":"m","2651":"i","2652":"x","2653":"I","2654":"c","2655":"o","2656":"n","2657":" ","2658":"c","2659":"l","2660":"a","2661":"s","2662":"s","2663":" ","2664":"n","2665":"a","2666":"m","2667":"e","2668":")","2669":"\\","2670":"n","2671":" ","2672":" ","2673":" ","2674":"*","2675":"/","2676":"\\","2677":"n","2678":" ","2679":" ","2680":"i","2681":"c","2682":"o","2683":"n","2684":":","2685":" ","2686":"{","2687":"\\","2688":"n","2689":" ","2690":" ","2691":" ","2692":" ","2693":"t","2694":"y","2695":"p","2696":"e","2697":":","2698":" ","2699":"S","2700":"t","2701":"r","2702":"i","2703":"n","2704":"g","2705":",","2706":"\\","2707":"n","2708":" ","2709":" ","2710":" ","2711":" ","2712":"d","2713":"e","2714":"f","2715":"a","2716":"u","2717":"l","2718":"t","2719":":","2720":" ","2721":"'","2722":"r","2723":"i","2724":"-","2725":"a","2726":"r","2727":"r","2728":"o","2729":"w","2730":"-","2731":"r","2732":"i","2733":"g","2734":"h","2735":"t","2736":"-","2737":"l","2738":"i","2739":"n","2740":"e","2741":"'","2742":"\\","2743":"n","2744":" ","2745":" ","2746":"}","2747":",","2748":"\\","2749":"n","2750":" ","2751":" ","2752":"/","2753":"*","2754":"*","2755":"\\","2756":"n","2757":" ","2758":" ","2759":" ","2760":"*","2761":" ","2762":"T","2763":"h","2764":"e","2765":" ","2766":"s","2767":"i","2768":"z","2769":"e","2770":" ","2771":"o","2772":"f","2773":" ","2774":"t","2775":"h","2776":"e","2777":" ","2778":"i","2779":"c","2780":"o","2781":"n","2782":" ","2783":"b","2784":"u","2785":"t","2786":"t","2787":"o","2788":"n","2789":"\\","2790":"n","2791":" ","2792":" ","2793":" ","2794":"*","2795":" ","2796":"@","2797":"v","2798":"a","2799":"l","2800":"u","2801":"e","2802":"s","2803":" ","2804":"x","2805":"-","2806":"s","2807":"m","2808":"a","2809":"l","2810":"l","2811":",","2812":" ","2813":"s","2814":"m","2815":"a","2816":"l","2817":"l","2818":",","2819":" ","2820":"d","2821":"e","2822":"f","2823":"a","2824":"u","2825":"l","2826":"t","2827":",","2828":" ","2829":"l","2830":"a","2831":"r","2832":"g","2833":"e","2834":",","2835":" ","2836":"x","2837":"-","2838":"l","2839":"a","2840":"r","2841":"g","2842":"e","2843":"\\","2844":"n","2845":" ","2846":" ","2847":" ","2848":"*","2849":"/","2850":"\\","2851":"n","2852":" ","2853":" ","2854":"s","2855":"i","2856":"z","2857":"e","2858":":","2859":" ","2860":"{","2861":"\\","2862":"n","2863":" ","2864":" ","2865":" ","2866":" ","2867":"t","2868":"y","2869":"p","2870":"e","2871":":","2872":" ","2873":"S","2874":"t","2875":"r","2876":"i","2877":"n","2878":"g","2879":",","2880":"\\","2881":"n","2882":" ","2883":" ","2884":" ","2885":" ","2886":"d","2887":"e","2888":"f","2889":"a","2890":"u","2891":"l","2892":"t","2893":":","2894":" ","2895":"'","2896":"d","2897":"e","2898":"f","2899":"a","2900":"u","2901":"l","2902":"t","2903":"'","2904":",","2905":"\\","2906":"n","2907":" ","2908":" ","2909":" ","2910":" ","2911":"v","2912":"a","2913":"l","2914":"i","2915":"d","2916":"a","2917":"t","2918":"o","2919":"r","2920":":","2921":" ","2922":"(","2923":"v","2924":"a","2925":"l","2926":")","2927":" ","2928":"=","2929":">","2930":" ","2931":"[","2932":"'","2933":"x","2934":"-","2935":"s","2936":"m","2937":"a","2938":"l","2939":"l","2940":"'","2941":",","2942":" ","2943":"'","2944":"s","2945":"m","2946":"a","2947":"l","2948":"l","2949":"'","2950":",","2951":" ","2952":"'","2953":"d","2954":"e","2955":"f","2956":"a","2957":"u","2958":"l","2959":"t","2960":"'","2961":",","2962":" ","2963":"'","2964":"l","2965":"a","2966":"r","2967":"g","2968":"e","2969":"'","2970":",","2971":" ","2972":"'","2973":"x","2974":"-","2975":"l","2976":"a","2977":"r","2978":"g","2979":"e","2980":"'","2981":"]","2982":".","2983":"i","2984":"n","2985":"c","2986":"l","2987":"u","2988":"d","2989":"e","2990":"s","2991":"(","2992":"v","2993":"a","2994":"l","2995":")","2996":"\\","2997":"n","2998":" ","2999":" ","3000":"}","3001":",","3002":"\\","3003":"n","3004":" ","3005":" ","3006":"/","3007":"*","3008":"*","3009":"\\","3010":"n","3011":" ","3012":" ","3013":" ","3014":"*","3015":" ","3016":"W","3017":"h","3018":"e","3019":"t","3020":"h","3021":"e","3022":"r","3023":" ","3024":"t","3025":"h","3026":"e","3027":" ","3028":"b","3029":"u","3030":"t","3031":"t","3032":"o","3033":"n","3034":" ","3035":"i","3036":"s","3037":" ","3038":"d","3039":"i","3040":"s","3041":"a","3042":"b","3043":"l","3044":"e","3045":"d","3046":"\\","3047":"n","3048":" ","3049":" ","3050":" ","3051":"*","3052":"/","3053":"\\","3054":"n","3055":" ","3056":" ","3057":"d","3058":"i","3059":"s","3060":"a","3061":"b","3062":"l","3063":"e","3064":"d","3065":":","3066":" ","3067":"{","3068":"\\","3069":"n","3070":" ","3071":" ","3072":" ","3073":" ","3074":"t","3075":"y","3076":"p","3077":"e","3078":":","3079":" ","3080":"B","3081":"o","3082":"o","3083":"l","3084":"e","3085":"a","3086":"n","3087":",","3088":"\\","3089":"n","3090":" ","3091":" ","3092":" ","3093":" ","3094":"d","3095":"e","3096":"f","3097":"a","3098":"u","3099":"l","3100":"t","3101":":","3102":" ","3103":"f","3104":"a","3105":"l","3106":"s","3107":"e","3108":"\\","3109":"n","3110":" ","3111":" ","3112":"}","3113":",","3114":"\\","3115":"n","3116":" ","3117":" ","3118":"/","3119":"*","3120":"*","3121":"\\","3122":"n","3123":" ","3124":" ","3125":" ","3126":"*","3127":" ","3128":"W","3129":"h","3130":"e","3131":"t","3132":"h","3133":"e","3134":"r","3135":" ","3136":"t","3137":"h","3138":"e","3139":" ","3140":"b","3141":"u","3142":"t","3143":"t","3144":"o","3145":"n","3146":" ","3147":"i","3148":"s","3149":" ","3150":"i","3151":"n","3152":" ","3153":"a","3154":" ","3155":"l","3156":"o","3157":"a","3158":"d","3159":"i","3160":"n","3161":"g","3162":" ","3163":"s","3164":"t","3165":"a","3166":"t","3167":"e","3168":"\\","3169":"n","3170":" ","3171":" ","3172":" ","3173":"*","3174":"/","3175":"\\","3176":"n","3177":" ","3178":" ","3179":"l","3180":"o","3181":"a","3182":"d","3183":"i","3184":"n","3185":"g","3186":":","3187":" ","3188":"{","3189":"\\","3190":"n","3191":" ","3192":" ","3193":" ","3194":" ","3195":"t","3196":"y","3197":"p","3198":"e","3199":":","3200":" ","3201":"B","3202":"o","3203":"o","3204":"l","3205":"e","3206":"a","3207":"n","3208":",","3209":"\\","3210":"n","3211":" ","3212":" ","3213":" ","3214":" ","3215":"d","3216":"e","3217":"f","3218":"a","3219":"u","3220":"l","3221":"t","3222":":","3223":" ","3224":"f","3225":"a","3226":"l","3227":"s","3228":"e","3229":"\\","3230":"n","3231":" ","3232":" ","3233":"}","3234":",","3235":"\\","3236":"n","3237":" ","3238":" ","3239":"/","3240":"*","3241":"*","3242":"\\","3243":"n","3244":" ","3245":" ","3246":" ","3247":"*","3248":" ","3249":"C","3250":"o","3251":"l","3252":"o","3253":"r","3254":" ","3255":"o","3256":"f","3257":" ","3258":"t","3259":"h","3260":"e","3261":" ","3262":"b","3263":"u","3264":"t","3265":"t","3266":"o","3267":"n","3268":"\\","3269":"n","3270":" ","3271":" ","3272":" ","3273":"*","3274":"/","3275":"\\","3276":"n","3277":" ","3278":" ","3279":"c","3280":"o","3281":"l","3282":"o","3283":"r","3284":":","3285":" ","3286":"{","3287":"\\","3288":"n","3289":" ","3290":" ","3291":" ","3292":" ","3293":"t","3294":"y","3295":"p","3296":"e","3297":":","3298":" ","3299":"S","3300":"t","3301":"r","3302":"i","3303":"n","3304":"g","3305":",","3306":"\\","3307":"n","3308":" ","3309":" ","3310":" ","3311":" ","3312":"d","3313":"e","3314":"f","3315":"a","3316":"u","3317":"l","3318":"t","3319":":","3320":" ","3321":"'","3322":"p","3323":"r","3324":"i","3325":"m","3326":"a","3327":"r","3328":"y","3329":"'","3330":"\\","3331":"n","3332":" ","3333":" ","3334":"}","3335":",","3336":"\\","3337":"n","3338":" ","3339":" ","3340":"/","3341":"*","3342":"*","3343":"\\","3344":"n","3345":" ","3346":" ","3347":" ","3348":"*","3349":" ","3350":"W","3351":"h","3352":"e","3353":"t","3354":"h","3355":"e","3356":"r","3357":" ","3358":"t","3359":"h","3360":"e","3361":" ","3362":"b","3363":"u","3364":"t","3365":"t","3366":"o","3367":"n","3368":" ","3369":"c","3370":"a","3371":"n","3372":" ","3373":"b","3374":"e","3375":" ","3376":"t","3377":"o","3378":"g","3379":"g","3380":"l","3381":"e","3382":"d","3383":" ","3384":"o","3385":"n","3386":"/","3387":"o","3388":"f","3389":"f","3390":"\\","3391":"n","3392":" ","3393":" ","3394":" ","3395":"*","3396":"/","3397":"\\","3398":"n","3399":" ","3400":" ","3401":"i","3402":"s","3403":"T","3404":"o","3405":"g","3406":"g","3407":"l","3408":"e","3409":":","3410":" ","3411":"{","3412":"\\","3413":"n","3414":" ","3415":" ","3416":" ","3417":" ","3418":"t","3419":"y","3420":"p","3421":"e","3422":":","3423":" ","3424":"B","3425":"o","3426":"o","3427":"l","3428":"e","3429":"a","3430":"n","3431":",","3432":"\\","3433":"n","3434":" ","3435":" ","3436":" ","3437":" ","3438":"d","3439":"e","3440":"f","3441":"a","3442":"u","3443":"l","3444":"t","3445":":","3446":" ","3447":"f","3448":"a","3449":"l","3450":"s","3451":"e","3452":"\\","3453":"n","3454":" ","3455":" ","3456":"}","3457":",","3458":"\\","3459":"n","3460":" ","3461":" ","3462":"/","3463":"*","3464":"*","3465":"\\","3466":"n","3467":" ","3468":" ","3469":" ","3470":"*","3471":" ","3472":"I","3473":"n","3474":"i","3475":"t","3476":"i","3477":"a","3478":"l","3479":" ","3480":"t","3481":"o","3482":"g","3483":"g","3484":"l","3485":"e","3486":" ","3487":"s","3488":"t","3489":"a","3490":"t","3491":"e","3492":" ","3493":"(","3494":"w","3495":"h","3496":"e","3497":"n","3498":" ","3499":"i","3500":"s","3501":"T","3502":"o","3503":"g","3504":"g","3505":"l","3506":"e","3507":" ","3508":"i","3509":"s","3510":" ","3511":"t","3512":"r","3513":"u","3514":"e","3515":")","3516":"\\","3517":"n","3518":" ","3519":" ","3520":" ","3521":"*","3522":"/","3523":"\\","3524":"n","3525":" ","3526":" ","3527":"i","3528":"n","3529":"i","3530":"t","3531":"i","3532":"a","3533":"l","3534":"T","3535":"o","3536":"g","3537":"g","3538":"l","3539":"e","3540":"d","3541":":","3542":" ","3543":"{","3544":"\\","3545":"n","3546":" ","3547":" ","3548":" ","3549":" ","3550":"t","3551":"y","3552":"p","3553":"e","3554":":","3555":" ","3556":"B","3557":"o","3558":"o","3559":"l","3560":"e","3561":"a","3562":"n","3563":",","3564":"\\","3565":"n","3566":" ","3567":" ","3568":" ","3569":" ","3570":"d","3571":"e","3572":"f","3573":"a","3574":"u","3575":"l","3576":"t","3577":":","3578":" ","3579":"f","3580":"a","3581":"l","3582":"s","3583":"e","3584":"\\","3585":"n","3586":" ","3587":" ","3588":"}","3589":",","3590":"\\","3591":"n","3592":" ","3593":" ","3594":"/","3595":"*","3596":"*","3597":"\\","3598":"n","3599":" ","3600":" ","3601":" ","3602":"*","3603":" ","3604":"I","3605":"c","3606":"o","3607":"n","3608":" ","3609":"t","3610":"o","3611":" ","3612":"s","3613":"h","3614":"o","3615":"w","3616":" ","3617":"w","3618":"h","3619":"e","3620":"n","3621":" ","3622":"t","3623":"o","3624":"g","3625":"g","3626":"l","3627":"e","3628":"d","3629":"\\","3630":"n","3631":" ","3632":" ","3633":" ","3634":"*","3635":"/","3636":"\\","3637":"n","3638":" ","3639":" ","3640":"t","3641":"o","3642":"g","3643":"g","3644":"l","3645":"e","3646":"I","3647":"c","3648":"o","3649":"n","3650":":","3651":" ","3652":"{","3653":"\\","3654":"n","3655":" ","3656":" ","3657":" ","3658":" ","3659":"t","3660":"y","3661":"p","3662":"e","3663":":","3664":" ","3665":"S","3666":"t","3667":"r","3668":"i","3669":"n","3670":"g","3671":",","3672":"\\","3673":"n","3674":" ","3675":" ","3676":" ","3677":" ","3678":"d","3679":"e","3680":"f","3681":"a","3682":"u","3683":"l","3684":"t","3685":":","3686":" ","3687":"'","3688":"'","3689":"\\","3690":"n","3691":" ","3692":" ","3693":"}","3694":",","3695":"\\","3696":"n","3697":" ","3698":" ","3699":"/","3700":"*","3701":"*","3702":"\\","3703":"n","3704":" ","3705":" ","3706":" ","3707":"*","3708":" ","3709":"C","3710":"o","3711":"l","3712":"o","3713":"r","3714":" ","3715":"t","3716":"o","3717":" ","3718":"u","3719":"s","3720":"e","3721":" ","3722":"w","3723":"h","3724":"e","3725":"n","3726":" ","3727":"t","3728":"o","3729":"g","3730":"g","3731":"l","3732":"e","3733":"d","3734":"\\","3735":"n","3736":" ","3737":" ","3738":" ","3739":"*","3740":"/","3741":"\\","3742":"n","3743":" ","3744":" ","3745":"t","3746":"o","3747":"g","3748":"g","3749":"l","3750":"e","3751":"C","3752":"o","3753":"l","3754":"o","3755":"r","3756":":","3757":" ","3758":"{","3759":"\\","3760":"n","3761":" ","3762":" ","3763":" ","3764":" ","3765":"t","3766":"y","3767":"p","3768":"e","3769":":","3770":" ","3771":"S","3772":"t","3773":"r","3774":"i","3775":"n","3776":"g","3777":",","3778":"\\","3779":"n","3780":" ","3781":" ","3782":" ","3783":" ","3784":"d","3785":"e","3786":"f","3787":"a","3788":"u","3789":"l","3790":"t","3791":":","3792":" ","3793":"'","3794":"'","3795":"\\","3796":"n","3797":" ","3798":" ","3799":"}","3800":",","3801":"\\","3802":"n","3803":" ","3804":" ","3805":"/","3806":"*","3807":"*","3808":"\\","3809":"n","3810":" ","3811":" ","3812":" ","3813":"*","3814":" ","3815":"D","3816":"e","3817":"n","3818":"s","3819":"i","3820":"t","3821":"y","3822":" ","3823":"o","3824":"f","3825":" ","3826":"t","3827":"h","3828":"e","3829":" ","3830":"b","3831":"u","3832":"t","3833":"t","3834":"o","3835":"n","3836":"\\","3837":"n","3838":" ","3839":" ","3840":" ","3841":"*","3842":" ","3843":"@","3844":"v","3845":"a","3846":"l","3847":"u","3848":"e","3849":"s","3850":" ","3851":"d","3852":"e","3853":"f","3854":"a","3855":"u","3856":"l","3857":"t","3858":",","3859":" ","3860":"c","3861":"o","3862":"m","3863":"f","3864":"o","3865":"r","3866":"t","3867":"a","3868":"b","3869":"l","3870":"e","3871":",","3872":" ","3873":"c","3874":"o","3875":"m","3876":"p","3877":"a","3878":"c","3879":"t","3880":"\\","3881":"n","3882":" ","3883":" ","3884":" ","3885":"*","3886":"/","3887":"\\","3888":"n","3889":" ","3890":" ","3891":"d","3892":"e","3893":"n","3894":"s","3895":"i","3896":"t","3897":"y","3898":":","3899":" ","3900":"{","3901":"\\","3902":"n","3903":" ","3904":" ","3905":" ","3906":" ","3907":"t","3908":"y","3909":"p","3910":"e","3911":":","3912":" ","3913":"S","3914":"t","3915":"r","3916":"i","3917":"n","3918":"g","3919":",","3920":"\\","3921":"n","3922":" ","3923":" ","3924":" ","3925":" ","3926":"d","3927":"e","3928":"f","3929":"a","3930":"u","3931":"l","3932":"t","3933":":","3934":" ","3935":"'","3936":"d","3937":"e","3938":"f","3939":"a","3940":"u","3941":"l","3942":"t","3943":"'","3944":",","3945":"\\","3946":"n","3947":" ","3948":" ","3949":" ","3950":" ","3951":"v","3952":"a","3953":"l","3954":"i","3955":"d","3956":"a","3957":"t","3958":"o","3959":"r","3960":":","3961":" ","3962":"(","3963":"v","3964":"a","3965":"l","3966":")","3967":" ","3968":"=","3969":">","3970":" ","3971":"[","3972":"'","3973":"d","3974":"e","3975":"f","3976":"a","3977":"u","3978":"l","3979":"t","3980":"'","3981":",","3982":" ","3983":"'","3984":"c","3985":"o","3986":"m","3987":"f","3988":"o","3989":"r","3990":"t","3991":"a","3992":"b","3993":"l","3994":"e","3995":"'","3996":",","3997":" ","3998":"'","3999":"c","4000":"o","4001":"m","4002":"p","4003":"a","4004":"c","4005":"t","4006":"'","4007":"]","4008":".","4009":"i","4010":"n","4011":"c","4012":"l","4013":"u","4014":"d","4015":"e","4016":"s","4017":"(","4018":"v","4019":"a","4020":"l","4021":")","4022":"\\","4023":"n","4024":" ","4025":" ","4026":"}","4027":",","4028":"\\","4029":"n","4030":" ","4031":" ","4032":"/","4033":"*","4034":"*","4035":"\\","4036":"n","4037":" ","4038":" ","4039":" ","4040":"*","4041":" ","4042":"A","4043":"r","4044":"i","4045":"a","4046":" ","4047":"l","4048":"a","4049":"b","4050":"e","4051":"l","4052":" ","4053":"f","4054":"o","4055":"r","4056":" ","4057":"a","4058":"c","4059":"c","4060":"e","4061":"s","4062":"s","4063":"i","4064":"b","4065":"i","4066":"l","4067":"i","4068":"t","4069":"y","4070":"\\","4071":"n","4072":" ","4073":" ","4074":" ","4075":"*","4076":"/","4077":"\\","4078":"n","4079":" ","4080":" ","4081":"a","4082":"r","4083":"i","4084":"a","4085":"L","4086":"a","4087":"b","4088":"e","4089":"l","4090":":","4091":" ","4092":"{","4093":"\\","4094":"n","4095":" ","4096":" ","4097":" ","4098":" ","4099":"t","4100":"y","4101":"p","4102":"e","4103":":","4104":" ","4105":"S","4106":"t","4107":"r","4108":"i","4109":"n","4110":"g","4111":",","4112":"\\","4113":"n","4114":" ","4115":" ","4116":" ","4117":" ","4118":"d","4119":"e","4120":"f","4121":"a","4122":"u","4123":"l","4124":"t","4125":":","4126":" ","4127":"'","4128":"'","4129":",","4130":"\\","4131":"n","4132":" ","4133":" ","4134":"}","4135":",","4136":"\\","4137":"n","4138":" ","4139":" ","4140":"/","4141":"*","4142":"*","4143":"\\","4144":"n","4145":" ","4146":" ","4147":" ","4148":"*","4149":" ","4150":"I","4151":"c","4152":"o","4153":"n","4154":" ","4155":"s","4156":"i","4157":"z","4158":"e","4159":" ","4160":"i","4161":"n","4162":" ","4163":"p","4164":"i","4165":"x","4166":"e","4167":"l","4168":"s","4169":"\\","4170":"n","4171":" ","4172":" ","4173":" ","4174":"*","4175":"/","4176":"\\","4177":"n","4178":" ","4179":" ","4180":"i","4181":"c","4182":"o","4183":"n","4184":"S","4185":"i","4186":"z","4187":"e","4188":":","4189":" ","4190":"{","4191":"\\","4192":"n","4193":" ","4194":" ","4195":" ","4196":" ","4197":"t","4198":"y","4199":"p","4200":"e","4201":":","4202":" ","4203":"[","4204":"S","4205":"t","4206":"r","4207":"i","4208":"n","4209":"g","4210":",","4211":" ","4212":"N","4213":"u","4214":"m","4215":"b","4216":"e","4217":"r","4218":"]","4219":",","4220":"\\","4221":"n","4222":" ","4223":" ","4224":" ","4225":" ","4226":"d","4227":"e","4228":"f","4229":"a","4230":"u","4231":"l","4232":"t","4233":":","4234":" ","4235":"'","4236":"'","4237":",","4238":"\\","4239":"n","4240":" ","4241":" ","4242":"}","4243":",","4244":"\\","4245":"n","4246":"}","4247":")","4248":";","4249":"\\","4250":"n","4251":"\\","4252":"n","4253":"c","4254":"o","4255":"n","4256":"s","4257":"t","4258":" ","4259":"e","4260":"m","4261":"i","4262":"t","4263":" ","4264":"=","4265":" ","4266":"d","4267":"e","4268":"f","4269":"i","4270":"n","4271":"e","4272":"E","4273":"m","4274":"i","4275":"t","4276":"s","4277":"(","4278":"[","4279":"'","4280":"c","4281":"l","4282":"i","4283":"c","4284":"k","4285":"'","4286":",","4287":" ","4288":"'","4289":"t","4290":"o","4291":"g","4292":"g","4293":"l","4294":"e","4295":"'","4296":"]","4297":")","4298":";","4299":"\\","4300":"n","4301":"\\","4302":"n","4303":"/","4304":"/","4305":" ","4306":"T","4307":"o","4308":"g","4309":"g","4310":"l","4311":"e","4312":" ","4313":"s","4314":"t","4315":"a","4316":"t","4317":"e","4318":"\\","4319":"n","4320":"c","4321":"o","4322":"n","4323":"s","4324":"t","4325":" ","4326":"t","4327":"o","4328":"g","4329":"g","4330":"l","4331":"e","4332":"d","4333":" ","4334":"=","4335":" ","4336":"r","4337":"e","4338":"f","4339":"(","4340":"p","4341":"r","4342":"o","4343":"p","4344":"s","4345":".","4346":"i","4347":"n","4348":"i","4349":"t","4350":"i","4351":"a","4352":"l","4353":"T","4354":"o","4355":"g","4356":"g","4357":"l","4358":"e","4359":"d","4360":")","4361":";","4362":"\\","4363":"n","4364":"\\","4365":"n","4366":"/","4367":"/","4368":" ","4369":"H","4370":"a","4371":"n","4372":"d","4373":"l","4374":"e","4375":" ","4376":"c","4377":"l","4378":"i","4379":"c","4380":"k","4381":" ","4382":"a","4383":"n","4384":"d","4385":" ","4386":"t","4387":"o","4388":"g","4389":"g","4390":"l","4391":"e","4392":" ","4393":"b","4394":"e","4395":"h","4396":"a","4397":"v","4398":"i","4399":"o","4400":"r","4401":"\\","4402":"n","4403":"c","4404":"o","4405":"n","4406":"s","4407":"t","4408":" ","4409":"h","4410":"a","4411":"n","4412":"d","4413":"l","4414":"e","4415":"C","4416":"l","4417":"i","4418":"c","4419":"k","4420":" ","4421":"=","4422":" ","4423":"(","4424":"e","4425":"v","4426":"e","4427":"n","4428":"t","4429":")","4430":" ","4431":"=","4432":">","4433":" ","4434":"{","4435":"\\","4436":"n","4437":" ","4438":" ","4439":"e","4440":"m","4441":"i","4442":"t","4443":"(","4444":"'","4445":"c","4446":"l","4447":"i","4448":"c","4449":"k","4450":"'","4451":",","4452":" ","4453":"e","4454":"v","4455":"e","4456":"n","4457":"t","4458":")","4459":";","4460":"\\","4461":"n","4462":" ","4463":" ","4464":"\\","4465":"n","4466":" ","4467":" ","4468":"i","4469":"f","4470":" ","4471":"(","4472":"p","4473":"r","4474":"o","4475":"p","4476":"s","4477":".","4478":"i","4479":"s","4480":"T","4481":"o","4482":"g","4483":"g","4484":"l","4485":"e","4486":")","4487":" ","4488":"{","4489":"\\","4490":"n","4491":" ","4492":" ","4493":" ","4494":" ","4495":"t","4496":"o","4497":"g","4498":"g","4499":"l","4500":"e","4501":"d","4502":".","4503":"v","4504":"a","4505":"l","4506":"u","4507":"e","4508":" ","4509":"=","4510":" ","4511":"!","4512":"t","4513":"o","4514":"g","4515":"g","4516":"l","4517":"e","4518":"d","4519":".","4520":"v","4521":"a","4522":"l","4523":"u","4524":"e","4525":";","4526":"\\","4527":"n","4528":" ","4529":" ","4530":" ","4531":" ","4532":"e","4533":"m","4534":"i","4535":"t","4536":"(","4537":"'","4538":"t","4539":"o","4540":"g","4541":"g","4542":"l","4543":"e","4544":"'","4545":",","4546":" ","4547":"t","4548":"o","4549":"g","4550":"g","4551":"l","4552":"e","4553":"d","4554":".","4555":"v","4556":"a","4557":"l","4558":"u","4559":"e","4560":")","4561":";","4562":"\\","4563":"n","4564":" ","4565":" ","4566":"}","4567":"\\","4568":"n","4569":"}","4570":";","4571":"\\","4572":"n","4573":"\\","4574":"n","4575":"/","4576":"/","4577":" ","4578":"I","4579":"c","4580":"o","4581":"n","4582":" ","4583":"c","4584":"l","4585":"a","4586":"s","4587":"s","4588":"e","4589":"s","4590":"\\","4591":"n","4592":"c","4593":"o","4594":"n","4595":"s","4596":"t","4597":" ","4598":"i","4599":"c","4600":"o","4601":"n","4602":"C","4603":"l","4604":"a","4605":"s","4606":"s","4607":"e","4608":"s","4609":" ","4610":"=","4611":" ","4612":"c","4613":"o","4614":"m","4615":"p","4616":"u","4617":"t","4618":"e","4619":"d","4620":"(","4621":"(","4622":")","4623":" ","4624":"=","4625":">","4626":" ","4627":"(","4628":"{","4629":"\\","4630":"n","4631":" ","4632":" ","4633":"'","4634":"i","4635":"c","4636":"o","4637":"n","4638":"-","4639":"-","4640":"t","4641":"o","4642":"g","4643":"g","4644":"l","4645":"e","4646":"d","4647":"'","4648":":","4649":" ","4650":"t","4651":"o","4652":"g","4653":"g","4654":"l","4655":"e","4656":"d","4657":".","4658":"v","4659":"a","4660":"l","4661":"u","4662":"e","4663":" ","4664":"&","4665":"&","4666":" ","4667":"p","4668":"r","4669":"o","4670":"p","4671":"s","4672":".","4673":"i","4674":"s","4675":"T","4676":"o","4677":"g","4678":"g","4679":"l","4680":"e","4681":"\\","4682":"n","4683":"}","4684":")","4685":")","4686":";","4687":"\\","4688":"n","4689":"\\","4690":"n","4691":"/","4692":"/","4693":" ","4694":"I","4695":"c","4696":"o","4697":"n","4698":" ","4699":"s","4700":"t","4701":"y","4702":"l","4703":"i","4704":"n","4705":"g","4706":"\\","4707":"n","4708":"c","4709":"o","4710":"n","4711":"s","4712":"t","4713":" ","4714":"i","4715":"c","4716":"o","4717":"n","4718":"S","4719":"t","4720":"y","4721":"l","4722":"e","4723":" ","4724":"=","4725":" ","4726":"c","4727":"o","4728":"m","4729":"p","4730":"u","4731":"t","4732":"e","4733":"d","4734":"(","4735":"(","4736":")","4737":" ","4738":"=","4739":">","4740":" ","4741":"{","4742":"\\","4743":"n","4744":" ","4745":" ","4746":"i","4747":"f","4748":" ","4749":"(","4750":"p","4751":"r","4752":"o","4753":"p","4754":"s","4755":".","4756":"i","4757":"c","4758":"o","4759":"n","4760":"S","4761":"i","4762":"z","4763":"e","4764":")","4765":" ","4766":"{","4767":"\\","4768":"n","4769":" ","4770":" ","4771":" ","4772":" ","4773":"r","4774":"e","4775":"t","4776":"u","4777":"r","4778":"n","4779":" ","4780":"{","4781":" ","4782":"f","4783":"o","4784":"n","4785":"t","4786":"S","4787":"i","4788":"z","4789":"e","4790":":","4791":" ","4792":"i","4793":"s","4794":"N","4795":"a","4796":"N","4797":"(","4798":"p","4799":"r","4800":"o","4801":"p","4802":"s","4803":".","4804":"i","4805":"c","4806":"o","4807":"n","4808":"S","4809":"i","4810":"z","4811":"e","4812":")","4813":" ","4814":"?","4815":" ","4816":"p","4817":"r","4818":"o","4819":"p","4820":"s","4821":".","4822":"i","4823":"c","4824":"o","4825":"n","4826":"S","4827":"i","4828":"z","4829":"e","4830":" ","4831":":","4832":" ","4833":"`","4834":"$","4835":"{","4836":"p","4837":"r","4838":"o","4839":"p","4840":"s","4841":".","4842":"i","4843":"c","4844":"o","4845":"n","4846":"S","4847":"i","4848":"z","4849":"e","4850":"}","4851":"p","4852":"x","4853":"`","4854":" ","4855":"}","4856":";","4857":"\\","4858":"n","4859":" ","4860":" ","4861":"}","4862":"\\","4863":"n","4864":" ","4865":" ","4866":"r","4867":"e","4868":"t","4869":"u","4870":"r","4871":"n","4872":" ","4873":"{","4874":"}","4875":";","4876":"\\","4877":"n","4878":"}","4879":")","4880":";","4881":"\\","4882":"n","4883":"\\","4884":"n","4885":"/","4886":"/","4887":" ","4888":"A","4889":"c","4890":"t","4891":"i","4892":"v","4893":"e","4894":" ","4895":"i","4896":"c","4897":"o","4898":"n","4899":" ","4900":"b","4901":"a","4902":"s","4903":"e","4904":"d","4905":" ","4906":"o","4907":"n","4908":" ","4909":"t","4910":"o","4911":"g","4912":"g","4913":"l","4914":"e","4915":" ","4916":"s","4917":"t","4918":"a","4919":"t","4920":"e","4921":"\\","4922":"n","4923":"c","4924":"o","4925":"n","4926":"s","4927":"t","4928":" ","4929":"i","4930":"c","4931":"o","4932":"n","4933":" ","4934":"=","4935":" ","4936":"c","4937":"o","4938":"m","4939":"p","4940":"u","4941":"t","4942":"e","4943":"d","4944":"(","4945":"(","4946":")","4947":" ","4948":"=","4949":">","4950":" ","4951":"{","4952":"\\","4953":"n","4954":" ","4955":" ","4956":"i","4957":"f","4958":" ","4959":"(","4960":"p","4961":"r","4962":"o","4963":"p","4964":"s","4965":".","4966":"i","4967":"s","4968":"T","4969":"o","4970":"g","4971":"g","4972":"l","4973":"e","4974":" ","4975":"&","4976":"&","4977":" ","4978":"t","4979":"o","4980":"g","4981":"g","4982":"l","4983":"e","4984":"d","4985":".","4986":"v","4987":"a","4988":"l","4989":"u","4990":"e","4991":" ","4992":"&","4993":"&","4994":" ","4995":"p","4996":"r","4997":"o","4998":"p","4999":"s","5000":".","5001":"t","5002":"o","5003":"g","5004":"g","5005":"l","5006":"e","5007":"I","5008":"c","5009":"o","5010":"n","5011":")","5012":" ","5013":"{","5014":"\\","5015":"n","5016":" ","5017":" ","5018":" ","5019":" ","5020":"r","5021":"e","5022":"t","5023":"u","5024":"r","5025":"n","5026":" ","5027":"p","5028":"r","5029":"o","5030":"p","5031":"s","5032":".","5033":"t","5034":"o","5035":"g","5036":"g","5037":"l","5038":"e","5039":"I","5040":"c","5041":"o","5042":"n","5043":";","5044":"\\","5045":"n","5046":" ","5047":" ","5048":"}","5049":"\\","5050":"n","5051":" ","5052":" ","5053":"r","5054":"e","5055":"t","5056":"u","5057":"r","5058":"n","5059":" ","5060":"p","5061":"r","5062":"o","5063":"p","5064":"s","5065":".","5066":"i","5067":"c","5068":"o","5069":"n","5070":";","5071":"\\","5072":"n","5073":"}","5074":")","5075":";","5076":"\\","5077":"n","5078":"\\","5079":"n","5080":"/","5081":"/","5082":" ","5083":"C","5084":"o","5085":"m","5086":"p","5087":"u","5088":"t","5089":"e","5090":" ","5091":"p","5092":"r","5093":"o","5094":"p","5095":"s","5096":" ","5097":"t","5098":"o","5099":" ","5100":"p","5101":"a","5102":"s","5103":"s","5104":" ","5105":"t","5106":"o","5107":" ","5108":"v","5109":"-","5110":"b","5111":"t","5112":"n","5113":"\\","5114":"n","5115":"c","5116":"o","5117":"n","5118":"s","5119":"t","5120":" ","5121":"b","5122":"u","5123":"t","5124":"t","5125":"o","5126":"n","5127":"P","5128":"r","5129":"o","5130":"p","5131":"s","5132":" ","5133":"=","5134":" ","5135":"c","5136":"o","5137":"m","5138":"p","5139":"u","5140":"t","5141":"e","5142":"d","5143":"(","5144":"(","5145":")","5146":" ","5147":"=","5148":">","5149":" ","5150":"{","5151":"\\","5152":"n","5153":" ","5154":" ","5155":"c","5156":"o","5157":"n","5158":"s","5159":"t","5160":" ","5161":"c","5162":"u","5163":"r","5164":"r","5165":"e","5166":"n","5167":"t","5168":"C","5169":"o","5170":"l","5171":"o","5172":"r","5173":" ","5174":"=","5175":" ","5176":"p","5177":"r","5178":"o","5179":"p","5180":"s","5181":".","5182":"i","5183":"s","5184":"T","5185":"o","5186":"g","5187":"g","5188":"l","5189":"e","5190":" ","5191":"&","5192":"&","5193":" ","5194":"t","5195":"o","5196":"g","5197":"g","5198":"l","5199":"e","5200":"d","5201":".","5202":"v","5
[...]
","4158":"o","4159":"r","4160":":","4161":" ","4162":"#","4163":"7","4164":"5","4165":"7","4166":"5","4167":"7","4168":"5","4169":";","4170":"\\","4171":"n","4172":" ","4173":" ","4174":" ","4175":" ","4176":" ","4177":" ","4178":"f","4179":"o","4180":"n","4181":"t","4182":"-","4183":"s","4184":"i","4185":"z","4186":"e","4187":":","4188":" ","4189":"1","4190":".","4191":"1","4192":"2","4193":"5","4194":"r","4195":"e","4196":"m","4197":";","4198":"\\","4199":"n","4200":" ","4201":" ","4202":" ","4203":" ","4204":" ","4205":" ","4206":"c","4207":"u","4208":"r","4209":"s","4210":"o","4211":"r","4212":":","4213":" ","4214":"h","4215":"e","4216":"l","4217":"p","4218":";","4219":"\\","4220":"n","4221":" ","4222":" ","4223":" ","4224":" ","4225":"}","4226":"\\","4227":"n","4228":" ","4229":" ","4230":"}","4231":"\\","4232":"n","4233":"\\","4234":"n","4235":" ","4236":" ","4237":":","4238":"d","4239":"e","4240":"e","4241":"p","4242":"(","4243":".","4244":"v","4245":"-","4246":"t","4247":"e","4248":"x","4249":"t","4250":"a","4251":"r","4252":"e","4253":"a","4254":")","4255":" ","4256":"{","4257":"\\","4258":"n","4259":" ","4260":" ","4261":" ","4262":" ","4263":".","4264":"v","4265":"-","4266":"f","4267":"i","4268":"e","4269":"l","4270":"d","4271":" ","4272":"{","4273":"\\","4274":"n","4275":" ","4276":" ","4277":" ","4278":" ","4279":" ","4280":" ","4281":"b","4282":"o","4283":"r","4284":"d","4285":"e","4286":"r","4287":"-","4288":"r","4289":"a","4290":"d","4291":"i","4292":"u","4293":"s","4294":":","4295":" ","4296":"4","4297":"p","4298":"x","4299":";","4300":"\\","4301":"n","4302":" ","4303":" ","4304":" ","4305":" ","4306":" ","4307":" ","4308":"f","4309":"o","4310":"n","4311":"t","4312":"-","4313":"f","4314":"a","4315":"m","4316":"i","4317":"l","4318":"y","4319":":","4320":" ","4321":"'","4322":"I","4323":"n","4324":"t","4325":"e","4326":"r","4327":"'","4328":",","4329":" ","4330":"s","4331":"a","4332":"n","4333":"s","4334":"-","4335":"s","4336":"e","4337":"r","4338":"i","4339":"f","4340":";","4341":"\\","4342":"n","4343":" ","4344":" ","4345":" ","4346":" ","4347":" ","4348":" ","4349":"\\","4350":"n","4351":" ","4352":" ","4353":" ","4354":" ","4355":" ","4356":" ","4357":"&","4358":".","4359":"v","4360":"-","4361":"f","4362":"i","4363":"e","4364":"l","4365":"d","4366":"-","4367":"-","4368":"v","4369":"a","4370":"r","4371":"i","4372":"a","4373":"n","4374":"t","4375":"-","4376":"o","4377":"u","4378":"t","4379":"l","4380":"i","4381":"n","4382":"e","4383":"d","4384":" ","4385":"{","4386":"\\","4387":"n","4388":" ","4389":" ","4390":" ","4391":" ","4392":" ","4393":" ","4394":" ","4395":" ","4396":".","4397":"v","4398":"-","4399":"f","4400":"i","4401":"e","4402":"l","4403":"d","4404":"_","4405":"_","4406":"o","4407":"u","4408":"t","4409":"l","4410":"i","4411":"n","4412":"e","4413":" ","4414":"{","4415":"\\","4416":"n","4417":" ","4418":" ","4419":" ","4420":" ","4421":" ","4422":" ","4423":" ","4424":" ","4425":" ","4426":" ","4427":"c","4428":"o","4429":"l","4430":"o","4431":"r","4432":":","4433":" ","4434":"#","4435":"E","4436":"0","4437":"E","4438":"0","4439":"E","4440":"0","4441":";","4442":"\\","4443":"n","4444":" ","4445":" ","4446":" ","4447":" ","4448":" ","4449":" ","4450":" ","4451":" ","4452":"}","4453":"\\","4454":"n","4455":" ","4456":" ","4457":" ","4458":" ","4459":" ","4460":" ","4461":" ","4462":" ","4463":"\\","4464":"n","4465":" ","4466":" ","4467":" ","4468":" ","4469":" ","4470":" ","4471":" ","4472":" ","4473":"&","4474":":","4475":"h","4476":"o","4477":"v","4478":"e","4479":"r","4480":" ","4481":".","4482":"v","4483":"-","4484":"f","4485":"i","4486":"e","4487":"l","4488":"d","4489":"_","4490":"_","4491":"o","4492":"u","4493":"t","4494":"l","4495":"i","4496":"n","4497":"e","4498":" ","4499":"{","4500":"\\","4501":"n","4502":" ","4503":" ","4504":" ","4505":" ","4506":" ","4507":" ","4508":" ","4509":" ","4510":" ","4511":" ","4512":"c","4513":"o","4514":"l","4515":"o","4516":"r","4517":":","4518":" ","4519":"#","4520":"B","4521":"D","4522":"B","4523":"D","4524":"B","4525":"D","4526":";","4527":"\\","4528":"n","4529":" ","4530":" ","4531":" ","4532":" ","4533":" ","4534":" ","4535":" ","4536":" ","4537":"}","4538":"\\","4539":"n","4540":" ","4541":" ","4542":" ","4543":" ","4544":" ","4545":" ","4546":" ","4547":" ","4548":"\\","4549":"n","4550":" ","4551":" ","4552":" ","4553":" ","4554":" ","4555":" ","4556":" ","4557":" ","4558":"&","4559":".","4560":"v","4561":"-","4562":"f","4563":"i","4564":"e","4565":"l","4566":"d","4567":"-","4568":"-","4569":"f","4570":"o","4571":"c","4572":"u","4573":"s","4574":"e","4575":"d","4576":" ","4577":"{","4578":"\\","4579":"n","4580":" ","4581":" ","4582":" ","4583":" ","4584":" ","4585":" ","4586":" ","4587":" ","4588":" ","4589":" ","4590":".","4591":"v","4592":"-","4593":"f","4594":"i","4595":"e","4596":"l","4597":"d","4598":"_","4599":"_","4600":"o","4601":"u","4602":"t","4603":"l","4604":"i","4605":"n","4606":"e","4607":" ","4608":"{","4609":"\\","4610":"n","4611":" ","4612":" ","4613":" ","4614":" ","4615":" ","4616":" ","4617":" ","4618":" ","4619":" ","4620":" ","4621":" ","4622":" ","4623":"c","4624":"o","4625":"l","4626":"o","4627":"r","4628":":","4629":" ","4630":"#","4631":"1","4632":"9","4633":"7","4634":"6","4635":"D","4636":"2","4637":";","4638":"\\","4639":"n","4640":" ","4641":" ","4642":" ","4643":" ","4644":" ","4645":" ","4646":" ","4647":" ","4648":" ","4649":" ","4650":" ","4651":" ","4652":"b","4653":"o","4654":"r","4655":"d","4656":"e","4657":"r","4658":"-","4659":"w","4660":"i","4661":"d","4662":"t","4663":"h","4664":":","4665":" ","4666":"2","4667":"p","4668":"x","4669":";","4670":"\\","4671":"n","4672":" ","4673":" ","4674":" ","4675":" ","4676":" ","4677":" ","4678":" ","4679":" ","4680":" ","4681":" ","4682":"}","4683":"\\","4684":"n","4685":" ","4686":" ","4687":" ","4688":" ","4689":" ","4690":" ","4691":" ","4692":" ","4693":" ","4694":" ","4695":"\\","4696":"n","4697":" ","4698":" ","4699":" ","4700":" ","4701":" ","4702":" ","4703":" ","4704":" ","4705":" ","4706":" ","4707":".","4708":"v","4709":"-","4710":"l","4711":"a","4712":"b","4713":"e","4714":"l","4715":" ","4716":"{","4717":"\\","4718":"n","4719":" ","4720":" ","4721":" ","4722":" ","4723":" ","4724":" ","4725":" ","4726":" ","4727":" ","4728":" ","4729":" ","4730":" ","4731":"c","4732":"o","4733":"l","4734":"o","4735":"r","4736":":","4737":" ","4738":"#","4739":"1","4740":"9","4741":"7","4742":"6","4743":"D","4744":"2","4745":";","4746":"\\","4747":"n","4748":" ","4749":" ","4750":" ","4751":" ","4752":" ","4753":" ","4754":" ","4755":" ","4756":" ","4757":" ","4758":"}","4759":"\\","4760":"n","4761":" ","4762":" ","4763":" ","4764":" ","4765":" ","4766":" ","4767":" ","4768":" ","4769":"}","4770":"\\","4771":"n","4772":" ","4773":" ","4774":" ","4775":" ","4776":" ","4777":" ","4778":" ","4779":" ","4780":"\\","4781":"n","4782":" ","4783":" ","4784":" ","4785":" ","4786":" ","4787":" ","4788":" ","4789":" ","4790":"&","4791":".","4792":"v","4793":"-","4794":"f","4795":"i","4796":"e","4797":"l","4798":"d","4799":"-","4800":"-","4801":"e","4802":"r","4803":"r","4804":"o","4805":"r","4806":" ","4807":"{","4808":"\\","4809":"n","4810":" ","4811":" ","4812":" ","4813":" ","4814":" ","4815":" ","4816":" ","4817":" ","4818":" ","4819":" ","4820":".","4821":"v","4822":"-","4823":"f","4824":"i","4825":"e","4826":"l","4827":"d","4828":"_","4829":"_","4830":"o","4831":"u","4832":"t","4833":"l","4834":"i","4835":"n","4836":"e","4837":" ","4838":"{","4839":"\\","4840":"n","4841":" ","4842":" ","4843":" ","4844":" ","4845":" ","4846":" ","4847":" ","4848":" ","4849":" ","4850":" ","4851":" ","4852":" ","4853":"c","4854":"o","4855":"l","4856":"o","4857":"r","4858":":","4859":" ","4860":"#","4861":"D","4862":"3","4863":"2","4864":"F","4865":"2","4866":"F","4867":";","4868":"\\","4869":"n","4870":" ","4871":" ","4872":" ","4873":" ","4874":" ","4875":" ","4876":" ","4877":" ","4878":" ","4879":" ","4880":" ","4881":" ","4882":"b","4883":"o","4884":"r","4885":"d","4886":"e","4887":"r","4888":"-","4889":"w","4890":"i","4891":"d","4892":"t","4893":"h","4894":":","4895":" ","4896":"2","4897":"p","4898":"x","4899":";","4900":"\\","4901":"n","4902":" ","4903":" ","4904":" ","4905":" ","4906":" ","4907":" ","4908":" ","4909":" ","4910":" ","4911":" ","4912":"}","4913":"\\","4914":"n","4915":" ","4916":" ","4917":" ","4918":" ","4919":" ","4920":" ","4921":" ","4922":" ","4923":" ","4924":" ","4925":"\\","4926":"n","4927":" ","4928":" ","4929":" ","4930":" ","4931":" ","4932":" ","4933":" ","4934":" ","4935":" ","4936":" ","4937":".","4938":"v","4939":"-","4940":"l","4941":"a","4942":"b","4943":"e","4944":"l","4945":" ","4946":"{","4947":"\\","4948":"n","4949":" ","4950":" ","4951":" ","4952":" ","4953":" ","4954":" ","4955":" ","4956":" ","4957":" ","4958":" ","4959":" ","4960":" ","4961":"c","4962":"o","4963":"l","4964":"o","4965":"r","4966":":","4967":" ","4968":"#","4969":"D","4970":"3","4971":"2","4972":"F","4973":"2","4974":"F","4975":";","4976":"\\","4977":"n","4978":" ","4979":" ","4980":" ","4981":" ","4982":" ","4983":" ","4984":" ","4985":" ","4986":" ","4987":" ","4988":"}","4989":"\\","4990":"n","4991":" ","4992":" ","4993":" ","4994":" ","4995":" ","4996":" ","4997":" ","4998":" ","4999":"}","5000":"\\","5001":"n","5002":" ","5003":" ","5004":" ","5005":" ","5006":" ","5007":" ","5008":"}","5009":"\\","5010":"n","5011":" ","5012":" ","5013":" ","5014":" ","5015":" ","5016":" ","5017":"\\","5018":"n","5019":" ","5020":" ","5021":" ","5022":" ","5023":" ","5024":" ","5025":".","5026":"v","5027":"-","5028":"f","5029":"i","5030":"e","5031":"l","5032":"d","5033":"_","5034":"_","5035":"i","5036":"n","5037":"p","5038":"u","5039":"t","5040":" ","5041":"{","5042":"\\","5043":"n","5044":" ","5045":" ","5046":" ","5047":" ","5048":" ","5049":" ","5050":" ","5051":" ","5052":"p","5053":"a","5054":"d","5055":"d","5056":"i","5057":"n","5058":"g","5059":":","5060":" ","5061":"1","5062":"6","5063":"p","5064":"x","5065":";","5066":"\\","5067":"n","5068":" ","5069":" ","5070":" ","5071":" ","5072":" ","5073":" ","5074":" ","5075":" ","5076":"c","5077":"o","5078":"l","5079":"o","5080":"r","5081":":","5082":" ","5083":"#","5084":"2","5085":"1","5086":"2","5087":"1","5088":"2","5089":"1","5090":";","5091":"\\","5092":"n","5093":" ","5094":" ","5095":" ","5096":" ","5097":" ","5098":" ","5099":" ","5100":" ","5101":"f","5102":"o","5103":"n","5104":"t","5105":"-","5106":"s","5107":"i","5108":"z","5109":"e","5110":":","5111":" ","5112":"1","5113":"6","5114":"p","5115":"x","5116":";","5117":"\\","5118":"n","5119":" ","5120":" ","5121":" ","5122":" ","5123":" ","5124":" ","5125":" ","5126":" ","5127":"m","5128":"i","5129":"n","5130":"-","5131":"h","5132":"e","5133":"i","5134":"g","5135":"h","5136":"t","5137":":","5138":" ","5139":"1","5140":"2","5141":"0","5142":"p","5143":"x","5144":";","5145":"\\","5146":"n","5147":" ","5148":" ","5149":" ","5150":" ","5151":" ","5152":" ","5153":" ","5154":" ","5155":"\\","5156":"n","5157":" ","5158":" ","5159":" ","5160":" ","5161":" ","5162":" ","5163":" ","5164":" ","5165":"&","5166":":","5167":":","5168":"p","5169":"l","5170":"a","5171":"c","5172":"e","5173":"h","5174":"o","5175":"l","5176":"d","5177":"e","5178":"r","5179":" ","5180":"{","5181":"\\","5182":"n","5183":" ","5184":" ","5185":" ","5186":" ","5187":" ","5188":" ","5189":" ","5190":" ","5191":" ","5192":" ","5193":"c","5194":"o","5195":"l","5196":"o","5197":"r","5198":":","5199":" ","5200":"#","5201":"7","5202":"5","5203":"7","5204":"5","5205":"7","5206":"5","5207":";","5208":"\\","5209":"n","5210":" ","5211":" ","5212":" ","5213":" ","5214":" ","5215":" ","5216":" ","5217":" ","5218":"}","5219":"\\","5220":"n","5221":" ","5222":" ","5223":" ","5224":" ","5225":" ","5226":" ","5227":"}","5228":"\\","5229":"n","5230":" ","5231":" ","5232":" ","5233":" ","5234":" ","5235":" ","5236":"\\","5237":"n","5238":" ","5239":" ","5240":" ","5241":" ","5242":" ","5243":" ","5244":".","5245":"v","5246":"-","5247":"l","5248":"a","5249":"b","5250":"e","5251":"l","5252":" ","5253":"{","5254":"\\","5255":"n","5256":" ","5257":" ","5258":" ","5259":" ","5260":" ","5261":" ","5262":" ","5263":" ","5264":"c","5265":"o","5266":"l","5267":"o","5268":"r","5269":":","5270":" ","5271":"#","5272":"7","5273":"5","5274":"7","5275":"5","5276":"7","5277":"5","5278":";","5279":"\\","5280":"n","5281":" ","5282":" ","5283":" ","5284":" ","5285":" ","5286":" ","5287":" ","5288":" ","5289":"f","5290":"o","5291":"n","5292":"t","5293":"-","5294":"s","5295":"i","5296":"z","5297":"e","5298":":","5299":" ","5300":"1","5301":"6","5302":"p","5303":"x","5304":";","5305":"\\","5306":"n","5307":" ","5308":" ","5309":" ","5310":" ","5311":" ","5312":" ","5313":" ","5314":" ","5315":"t","5316":"r","5317":"a","5318":"n","5319":"s","5320":"i","5321":"t","5322":"i","5323":"o","5324":"n","5325":":","5326":" ","5327":"a","5328":"l","5329":"l","5330":" ","5331":"0","5332":".","5333":"2","5334":"s","5335":" ","5336":"e","5337":"a","5338":"s","5339":"e","5340":"-","5341":"i","5342":"n","5343":"-","5344":"o","5345":"u","5346":"t","5347":";","5348":"\\","5349":"n","5350":" ","5351":" ","5352":" ","5353":" ","5354":" ","5355":" ","5356":" ","5357":" ","5358":"\\","5359":"n","5360":" ","5361":" ","5362":" ","5363":" ","5364":" ","5365":" ","5366":" ","5367":" ","5368":"&","5369":".","5370":"v","5371":"-","5372":"l","5373":"a","5374":"b","5375":"e","5376":"l","5377":"-","5378":"-","5379":"f","5380":"l","5381":"o","5382":"a","5383":"t","5384":"i","5385":"n","5386":"g","5387":" ","5388":"{","5389":"\\","5390":"n","5391":" ","5392":" ","5393":" ","5394":" ","5395":" ","5396":" ","5397":" ","5398":" ","5399":" ","5400":" ","5401":"f","5402":"o","5403":"n","5404":"t","5405":"-","5406":"s","5407":"i","5408":"z","5409":"e","5410":":","5411":" ","5412":"1","5413":"2","5414":"p","5415":"x","5416":";","5417":"\\","5418":"n","5419":" ","5420":" ","5421":" ","5422":" ","5423":" ","5424":" ","5425":" ","5426":" ","5427":"}","5428":"\\","5429":"n","5430":" ","5431":" ","5432":" ","5433":" ","5434":" ","5435":" ","5436":"}","5437":"\\","5438":"n","5439":" ","5440":" ","5441":" ","5442":" ","5443":"}","5444":"\\","5445":"n","5446":"\\","5447":"n","5448":" ","5449":" ","5450":" ","5451":" ","5452":"&","5453":".","5454":"v","5455":"-","5456":"t","5457":"e","5458":"x","5459":"t","5460":"a","5461":"r","5462":"e","5463":"a","5464":"-","5465":"-","5466":"d","5467":"i","5468":"s","5469":"a","5470":"b","5471":"l","5472":"e","5473":"d","5474":" ","5475":"{","5476":"\\","5477":"n","5478":" ","5479":" ","5480":" ","5481":" ","5482":" ","5483":" ","5484":".","5485":"v","5486":"-","5487":"f","5488":"i","5489":"e","5490":"l","5491":"d","5492":" ","5493":"{","5494":"\\","5495":"n","5496":" ","5497":" ","5498":" ","5499":" ","5500":" ","5501":" ","5502":" ","5503":" ","5504":"b","5505":"a","5506":"c","5507":"k","5508":"g","5509":"r","5510":"o","5511":"u","5512":"n","5513":"d","5514":"-","5515":"c","5516":"o","5517":"l","5518":"o","5519":"r","5520":":","5521":" ","5522":"#","5523":"F","5524":"5","5525":"F","5526":"5","5527":"F","5528":"5","5529":";","5530":"\\","5531":"n","5532":" ","5533":" ","5534":" ","5535":" ","5536":" ","5537":" ","5538":" ","5539":" ","5540":"o","5541":"p","5542":"a","5543":"c","5544":"i","5545":"t","5546":"y","5547":":","5548":" ","5549":"0","5550":".","5551":"7","5552":";","5553":"\\","5554":"n","5555":" ","5556":" ","5557":" ","5558":" ","5559":" ","5560":" ","5561":" ","5562":" ","5563":"\\","5564":"n","5565":" ","5566":" ","5567":" ","5568":" ","5569":" ","5570":" ","5571":" ","5572":" ","5573":".","5574":"v","5575":"-","5576":"f","5577":"i","5578":"e","5579":"l","5580":"d","5581":"_","5582":"_","5583":"i","5584":"n","5585":"p","5586":"u","5587":"t","5588":",","5589":"\\","5590":"n","5591":" ","5592":" ","5593":" ","5594":" ","5595":" ","5596":" ","5597":" ","5598":" ","5599":".","5600":"v","5601":"-","5602":"l","5603":"a","5604":"b","5605":"e","5606":"l","5607":" ","5608":"{","5609":"\\","5610":"n","5611":" ","5612":" ","5613":" ","5614":" ","5615":" ","5616":" ","5617":" ","5618":" ","5619":" ","5620":" ","5621":"c","5622":"o","5623":"l","5624":"o","5625":"r","5626":":","5627":" ","5628":"r","5629":"g","5630":"b","5631":"a","5632":"(","5633":"0","5634":",","5635":" ","5636":"0","5637":",","5638":" ","5639":"0","5640":",","5641":" ","5642":"0","5643":".","5644":"3","5645":"8","5646":")","5647":";","5648":"\\","5649":"n","5650":" ","5651":" ","5652":" ","5653":" ","5654":" ","5655":" ","5656":" ","5657":" ","5658":"}","5659":"\\","5660":"n","5661":" ","5662":" ","5663":" ","5664":" ","5665":" ","5666":" ","5667":"}","5668":"\\","5669":"n","5670":" ","5671":" ","5672":" ","5673":" ","5674":"}","5675":"\\","5676":"n","5677":"\\","5678":"n","5679":" ","5680":" ","5681":" ","5682":" ","5683":".","5684":"v","5685":"-","5686":"c","5687":"o","5688":"u","5689":"n","5690":"t","5691":"e","5692":"r","5693":" ","5694":"{","5695":"\\","5696":"n","5697":" ","5698":" ","5699":" ","5700":" ","5701":" ","5702":" ","5703":"c","5704":"o","5705":"l","5706":"o","5707":"r","5708":":","5709":" ","5710":"#","5711":"7","5712":"5","5713":"7","5714":"5","5715":"7","5716":"5","5717":";","5718":"\\","5719":"n","5720":" ","5721":" ","5722":" ","5723":" ","5724":" ","5725":" ","5726":"f","5727":"o","5728":"n","5729":"t","5730":"-","5731":"s","5732":"i","5733":"z","5734":"e","5735":":","5736":" ","5737":"1","5738":"2","5739":"p","5740":"x","5741":";","5742":"\\","5743":"n","5744":" ","5745":" ","5746":" ","5747":" ","5748":" ","5749":" ","5750":"m","5751":"a","5752":"r","5753":"g","5754":"i","5755":"n","5756":"-","5757":"t","5758":"o","5759":"p","5760":":","5761":" ","5762":"4","5763":"p","5764":"x","5765":";","5766":"\\","5767":"n","5768":" ","5769":" ","5770":" ","5771":" ","5772":"}","5773":"\\","5774":"n","5775":"\\","5776":"n","5777":" ","5778":" ","5779":" ","5780":" ","5781":".","5782":"v","5783":"-","5784":"m","5785":"e","5786":"s","5787":"s","5788":"a","5789":"g","5790":"e","5791":"s","5792":" ","5793":"{","5794":"\\","5795":"n","5796":" ","5797":" ","5798":" ","5799":" ","5800":" ","5801":" ","5802":"m","5803":"i","5804":"n","5805":"-","5806":"h","5807":"e","5808":"i","5809":"g","5810":"h","5811":"t","5812":":","5813":" ","5814":"2","5815":"0","5816":"p","5817":"x","5818":";","5819":"\\","5820":"n","5821":" ","5822":" ","5823":" ","5824":" ","5825":" ","5826":" ","5827":"p","5828":"a","5829":"d","5830":"d","5831":"i","5832":"n","5833":"g","5834":"-","5835":"t","5836":"o","5837":"p","5838":":","5839":" ","5840":"4","5841":"p","5842":"x","5843":";","5844":"\\","5845":"n","5846":" ","5847":" ","5848":" ","5849":" ","5850":" ","5851":" ","5852":"f","5853":"o","5854":"n","5855":"t","5856":"-","5857":"s","5858":"i","5859":"z","5860":"e","5861":":","5862":" ","5863":"1","5864":"2","5865":"p","5866":"x","5867":";","5868":"\\","5869":"n","5870":" ","5871":" ","5872":" ","5873":" ","5874":" ","5875":" ","5876":"\\","5877":"n","5878":" ","5879":" ","5880":" ","5881":" ","5882":" ","5883":" ","5884":"&","5885":".","5886":"v","5887":"-","5888":"m","5889":"e","5890":"s","5891":"s","5892":"a","5893":"g","5894":"e","5895":"s","5896":"-","5897":"-","5898":"e","5899":"r","5900":"r","5901":"o","5902":"r","5903":" ","5904":"{","5905":"\\","5906":"n","5907":" ","5908":" ","5909":" ","5910":" ","5911":" ","5912":" ","5913":" ","5914":" ","5915":"c","5916":"o","5917":"l","5918":"o","5919":"r","5920":":","5921":" ","5922":"#","5923":"D","5924":"3","5925":"2","5926":"F","5927":"2","5928":"F","5929":";","5930":"\\","5931":"n","5932":" ","5933":" ","5934":" ","5935":" ","5936":" ","5937":" ","5938":"}","5939":"\\","5940":"n","5941":" ","5942":" ","5943":" ","5944":" ","5945":"}","5946":"\\","5947":"n","5948":" ","5949":" ","5950":"}","5951":"\\","5952":"n","5953":"}","5954":"\\","5955":"n","5956":"<","5957":"/","5958":"s","5959":"t","5960":"y","5961":"l","5962":"e","5963":">","5964":"\"","5965":"]","5966":"}"}}
}
