TN:
SF:src\components\HelloWorld.vue
FN:7,(anonymous_0)
FN:33,render
FN:36,(anonymous_2)
FNF:3
FNH:0
FNDA:0,(anonymous_0)
FNDA:0,render
FNDA:0,(anonymous_2)
DA:10,0
DA:11,0
DA:12,0
DA:16,0
DA:20,0
DA:25,0
DA:28,0
DA:29,0
DA:30,0
DA:34,0
DA:37,0
DA:48,0
LF:12
LH:0
BRDA:36,0,0,0
BRDA:36,0,1,0
BRDA:39,1,0,0
BRDA:39,1,1,0
BRDA:39,2,0,0
BRDA:39,2,1,0
BRDA:42,3,0,0
BRDA:42,3,1,0
BRDA:45,4,0,0
BRDA:45,4,1,0
BRF:10
BRH:0
end_of_record
TN:
SF:src\components\BaseIconButton\BaseIconButton.vue
FN:11,(anonymous_0)
FN:27,(anonymous_1)
FN:85,(anonymous_2)
FN:103,(anonymous_3)
FN:120,(anonymous_4)
FN:129,(anonymous_5)
FN:134,(anonymous_6)
FN:144,(anonymous_7)
FN:152,(anonymous_8)
FN:204,render
FN:211,(anonymous_10)
FNF:11
FNH:0
FNDA:0,(anonymous_0)
FNDA:0,(anonymous_1)
FNDA:0,(anonymous_2)
FNDA:0,(anonymous_3)
FNDA:0,(anonymous_4)
FNDA:0,(anonymous_5)
FNDA:0,(anonymous_6)
FNDA:0,(anonymous_7)
FNDA:0,(anonymous_8)
FNDA:0,render
FNDA:0,(anonymous_10)
DA:11,0
DA:27,0
DA:85,0
DA:107,0
DA:113,0
DA:114,0
DA:117,0
DA:120,0
DA:121,0
DA:122,0
DA:123,0
DA:124,0
DA:129,0
DA:134,0
DA:135,0
DA:136,0
DA:140,0
DA:144,0
DA:145,0
DA:146,0
DA:148,0
DA:152,0
DA:153,0
DA:156,0
DA:163,0
DA:164,0
DA:165,0
DA:175,0
DA:176,0
DA:178,0
DA:180,0
DA:190,0
DA:194,0
DA:199,0
DA:202,0
DA:203,0
DA:205,0
DA:206,0
DA:212,0
DA:219,0
LF:40
LH:0
BRDA:122,0,0,0
BRDA:122,0,1,0
BRDA:130,1,0,0
BRDA:130,1,1,0
BRDA:135,2,0,0
BRDA:135,2,1,0
BRDA:137,3,0,0
BRDA:137,3,1,0
BRDA:145,4,0,0
BRDA:145,4,1,0
BRDA:145,5,0,0
BRDA:145,5,1,0
BRDA:145,5,2,0
BRDA:153,6,0,0
BRDA:153,6,1,0
BRDA:153,7,0,0
BRDA:153,7,1,0
BRDA:153,7,2,0
BRDA:173,8,0,0
BRDA:173,8,1,0
BRDA:175,9,0,0
BRDA:175,9,1,0
BRF:22
BRH:0
end_of_record
TN:
SF:src\components\BaseIconButton\EgovIconButton.vue
FN:11,(anonymous_0)
FN:20,(anonymous_1)
FN:71,(anonymous_2)
FN:89,(anonymous_3)
FN:106,(anonymous_4)
FN:115,(anonymous_5)
FN:125,(anonymous_6)
FN:175,render
FN:182,(anonymous_8)
FNF:9
FNH:0
FNDA:0,(anonymous_0)
FNDA:0,(anonymous_1)
FNDA:0,(anonymous_2)
FNDA:0,(anonymous_3)
FNDA:0,(anonymous_4)
FNDA:0,(anonymous_5)
FNDA:0,(anonymous_6)
FNDA:0,render
FNDA:0,(anonymous_8)
DA:11,0
DA:20,0
DA:71,0
DA:93,0
DA:99,0
DA:100,0
DA:103,0
DA:106,0
DA:107,0
DA:108,0
DA:109,0
DA:110,0
DA:115,0
DA:116,0
DA:117,0
DA:121,0
DA:125,0
DA:126,0
DA:129,0
DA:136,0
DA:137,0
DA:138,0
DA:148,0
DA:149,0
DA:151,0
DA:153,0
DA:161,0
DA:165,0
DA:170,0
DA:173,0
DA:174,0
DA:176,0
DA:177,0
DA:183,0
DA:190,0
LF:35
LH:0
BRDA:108,0,0,0
BRDA:108,0,1,0
BRDA:116,1,0,0
BRDA:116,1,1,0
BRDA:118,2,0,0
BRDA:118,2,1,0
BRDA:126,3,0,0
BRDA:126,3,1,0
BRDA:126,4,0,0
BRDA:126,4,1,0
BRDA:126,4,2,0
BRDA:146,5,0,0
BRDA:146,5,1,0
BRDA:148,6,0,0
BRDA:148,6,1,0
BRF:15
BRH:0
end_of_record
TN:
SF:src\components\BaseTextField\BaseTextField.vue
FN:31,(anonymous_0)
FN:47,(anonymous_1)
FN:84,(anonymous_2)
FN:96,(anonymous_3)
FN:100,(anonymous_4)
FN:107,(anonymous_5)
FN:116,(anonymous_6)
FN:119,(anonymous_7)
FN:122,(anonymous_8)
FN:161,render
FN:168,(anonymous_10)
FN:174,(anonymous_11)
FN:187,(anonymous_12)
FN:195,(anonymous_13)
FN:201,(anonymous_14)
FN:209,(anonymous_15)
FN:215,(anonymous_16)
FN:223,(anonymous_17)
FN:229,(anonymous_18)
FN:237,(anonymous_19)
FN:243,(anonymous_20)
FNF:21
FNH:0
FNDA:0,(anonymous_0)
FNDA:0,(anonymous_1)
FNDA:0,(anonymous_2)
FNDA:0,(anonymous_3)
FNDA:0,(anonymous_4)
FNDA:0,(anonymous_5)
FNDA:0,(anonymous_6)
FNDA:0,(anonymous_7)
FNDA:0,(anonymous_8)
FNDA:0,render
FNDA:0,(anonymous_10)
FNDA:0,(anonymous_11)
FNDA:0,(anonymous_12)
FNDA:0,(anonymous_13)
FNDA:0,(anonymous_14)
FNDA:0,(anonymous_15)
FNDA:0,(anonymous_16)
FNDA:0,(anonymous_17)
FNDA:0,(anonymous_18)
FNDA:0,(anonymous_19)
FNDA:0,(anonymous_20)
DA:31,0
DA:47,0
DA:84,0
DA:96,0
DA:104,0
DA:105,0
DA:106,0
DA:107,0
DA:113,0
DA:114,0
DA:116,0
DA:117,0
DA:119,0
DA:120,0
DA:122,0
DA:123,0
DA:125,0
DA:133,0
DA:137,0
DA:142,0
DA:145,0
DA:146,0
DA:147,0
DA:150,0
DA:154,0
DA:157,0
DA:162,0
DA:163,0
DA:164,0
DA:169,0
DA:170,0
DA:175,0
DA:188,0
DA:196,0
DA:202,0
DA:210,0
DA:216,0
DA:224,0
DA:230,0
DA:238,0
DA:244,0
DA:245,0
DA:251,0
LF:43
LH:0
BRDA:164,0,0,0
BRDA:164,0,1,0
BRDA:164,1,0,0
BRDA:164,1,1,0
BRDA:164,2,0,0
BRDA:164,2,1,0
BRDA:185,3,0,0
BRDA:185,3,1,0
BRDA:193,4,0,0
BRDA:193,4,1,0
BRDA:199,5,0,0
BRDA:199,5,1,0
BRDA:207,6,0,0
BRDA:207,6,1,0
BRDA:213,7,0,0
BRDA:213,7,1,0
BRDA:221,8,0,0
BRDA:221,8,1,0
BRDA:227,9,0,0
BRDA:227,9,1,0
BRDA:235,10,0,0
BRDA:235,10,1,0
BRDA:241,11,0,0
BRDA:241,11,1,0
BRF:24
BRH:0
end_of_record
TN:
SF:src\components\EgovInputPassword\EgovInputPassword.vue
FN:32,(anonymous_0)
FN:48,(anonymous_1)
FN:56,(anonymous_2)
FN:61,(anonymous_3)
FN:65,(anonymous_4)
FN:74,(anonymous_5)
FN:77,(anonymous_6)
FN:86,(anonymous_7)
FN:89,(anonymous_8)
FN:92,(anonymous_9)
FN:122,render
FN:132,(anonymous_11)
FN:137,(anonymous_12)
FN:142,(anonymous_13)
FN:151,(anonymous_14)
FN:159,(anonymous_15)
FN:168,(anonymous_16)
FN:177,(anonymous_17)
FN:196,(anonymous_18)
FN:200,(anonymous_19)
FN:211,(anonymous_20)
FNF:21
FNH:0
FNDA:0,(anonymous_0)
FNDA:0,(anonymous_1)
FNDA:0,(anonymous_2)
FNDA:0,(anonymous_3)
FNDA:0,(anonymous_4)
FNDA:0,(anonymous_5)
FNDA:0,(anonymous_6)
FNDA:0,(anonymous_7)
FNDA:0,(anonymous_8)
FNDA:0,(anonymous_9)
FNDA:0,render
FNDA:0,(anonymous_11)
FNDA:0,(anonymous_12)
FNDA:0,(anonymous_13)
FNDA:0,(anonymous_14)
FNDA:0,(anonymous_15)
FNDA:0,(anonymous_16)
FNDA:0,(anonymous_17)
FNDA:0,(anonymous_18)
FNDA:0,(anonymous_19)
FNDA:0,(anonymous_20)
DA:32,0
DA:48,0
DA:56,0
DA:61,0
DA:69,0
DA:70,0
DA:71,0
DA:72,0
DA:73,0
DA:74,0
DA:75,0
DA:77,0
DA:80,0
DA:81,0
DA:86,0
DA:87,0
DA:89,0
DA:90,0
DA:92,0
DA:93,0
DA:95,0
DA:108,0
DA:112,0
DA:117,0
DA:120,0
DA:121,0
DA:123,0
DA:124,0
DA:125,0
DA:126,0
DA:127,0
DA:128,0
DA:129,0
DA:133,0
DA:138,0
DA:143,0
DA:152,0
DA:160,0
DA:161,0
DA:169,0
DA:178,0
DA:197,0
DA:201,0
DA:212,0
DA:219,0
LF:45
LH:0
BRDA:133,0,0,0
BRDA:133,0,1,0
BRDA:146,1,0,0
BRDA:146,1,1,0
BRDA:152,2,0,0
BRDA:152,2,1,0
BRDA:155,3,0,0
BRDA:155,3,1,0
BRDA:177,4,0,0
BRDA:177,4,1,0
BRDA:181,5,0,0
BRDA:181,5,1,0
BRDA:182,6,0,0
BRDA:182,6,1,0
BRDA:189,7,0,0
BRDA:189,7,1,0
BRDA:191,8,0,0
BRDA:191,8,1,0
BRDA:191,9,0,0
BRDA:191,9,1,0
BRDA:194,10,0,0
BRDA:194,10,1,0
BRDA:194,11,0,0
BRDA:194,11,1,0
BRDA:194,11,2,0
BRDA:207,12,0,0
BRDA:207,12,1,0
BRDA:207,13,0,0
BRDA:207,13,1,0
BRDA:207,13,2,0
BRF:30
BRH:0
end_of_record
TN:
SF:src\components\EgovTextArea\EgovTextArea.vue
FN:55,(anonymous_0)
FN:60,(anonymous_1)
FN:64,(anonymous_2)
FN:72,(anonymous_3)
FN:72,(anonymous_4)
FN:75,(anonymous_5)
FN:90,(anonymous_6)
FN:93,(anonymous_7)
FN:96,(anonymous_8)
FN:139,render
FN:146,(anonymous_10)
FN:152,(anonymous_11)
FN:158,(anonymous_12)
FN:169,(anonymous_13)
FN:175,(anonymous_14)
FNF:15
FNH:0
FNDA:0,(anonymous_0)
FNDA:0,(anonymous_1)
FNDA:0,(anonymous_2)
FNDA:0,(anonymous_3)
FNDA:0,(anonymous_4)
FNDA:0,(anonymous_5)
FNDA:0,(anonymous_6)
FNDA:0,(anonymous_7)
FNDA:0,(anonymous_8)
FNDA:0,render
FNDA:0,(anonymous_10)
FNDA:0,(anonymous_11)
FNDA:0,(anonymous_12)
FNDA:0,(anonymous_13)
FNDA:0,(anonymous_14)
DA:55,0
DA:60,0
DA:68,0
DA:69,0
DA:70,0
DA:71,0
DA:72,0
DA:73,0
DA:75,0
DA:81,0
DA:82,0
DA:90,0
DA:91,0
DA:93,0
DA:94,0
DA:96,0
DA:97,0
DA:99,0
DA:111,0
DA:115,0
DA:120,0
DA:123,0
DA:124,0
DA:125,0
DA:128,0
DA:132,0
DA:135,0
DA:140,0
DA:141,0
DA:142,0
DA:147,0
DA:148,0
DA:153,0
DA:159,0
DA:170,0
DA:176,0
DA:180,0
LF:37
LH:0
BRDA:84,0,0,0
BRDA:84,0,1,0
BRDA:142,1,0,0
BRDA:142,1,1,0
BRDA:142,2,0,0
BRDA:142,2,1,0
BRDA:142,3,0,0
BRDA:142,3,1,0
BRDA:158,4,0,0
BRDA:158,4,1,0
BRDA:167,5,0,0
BRDA:167,5,1,0
BRDA:173,6,0,0
BRDA:173,6,1,0
BRF:14
BRH:0
end_of_record
